2020-04-13 17:29:44 | [34mINFO [0;39m | [1;33mmain[0;39m | [1;32morg.springframework.context.annotation.AnnotationConfigApplicationContext[0;39m | Refreshing org.springframework.context.annotation.AnnotationConfigApplicationContext@32c0915e: startup date [Mon Apr 13 17:29:44 CST 2020]; root of context hierarchy
2020-04-13 17:29:44 | [34mINFO [0;39m | [1;33mmain[0;39m | [1;32morg.springframework.beans.factory.annotation.AutowiredAnnotationBeanPostProcessor[0;39m | JSR-330 'javax.inject.Inject' annotation found and supported for autowiring
2020-04-13 17:29:44 | [34mINFO [0;39m | [1;33mmain[0;39m | [1;32morg.springframework.context.support.PostProcessorRegistrationDelegate$BeanPostProcessorChecker[0;39m | Bean 'configurationPropertiesRebinderAutoConfiguration' of type [org.springframework.cloud.autoconfigure.ConfigurationPropertiesRebinderAutoConfiguration$$EnhancerBySpringCGLIB$$76104c34] is not eligible for getting processed by all BeanPostProcessors (for example: not eligible for auto-proxying)
2020-04-13 17:29:45 | [34mINFO [0;39m | [1;33mmain[0;39m | [1;32mcom.example.demo.rabbitmq.RabbitmqMuilterTest[0;39m | No active profile set, falling back to default profiles: default
2020-04-13 17:29:45 | [34mINFO [0;39m | [1;33mmain[0;39m | [1;32morg.springframework.web.context.support.GenericWebApplicationContext[0;39m | Refreshing org.springframework.web.context.support.GenericWebApplicationContext@31d6f3fe: startup date [Mon Apr 13 17:29:45 CST 2020]; parent: org.springframework.context.annotation.AnnotationConfigApplicationContext@32c0915e
2020-04-13 17:29:46 | [31mWARN [0;39m | [1;33mmain[0;39m | [1;32morg.mybatis.spring.mapper.ClassPathMapperScanner[0;39m | Skipping MapperFactoryBean with name 'brokerMessageLogMapper' and 'com.example.demo.mapper.BrokerMessageLogMapper' mapperInterface. Bean already defined with the same name!
2020-04-13 17:29:46 | [31mWARN [0;39m | [1;33mmain[0;39m | [1;32morg.mybatis.spring.mapper.ClassPathMapperScanner[0;39m | Skipping MapperFactoryBean with name 'orderMapper' and 'com.example.demo.mapper.OrderMapper' mapperInterface. Bean already defined with the same name!
2020-04-13 17:29:46 | [31mWARN [0;39m | [1;33mmain[0;39m | [1;32morg.mybatis.spring.mapper.ClassPathMapperScanner[0;39m | Skipping MapperFactoryBean with name 'userMapper' and 'com.example.demo.mapper.UserMapper' mapperInterface. Bean already defined with the same name!
2020-04-13 17:29:46 | [31mWARN [0;39m | [1;33mmain[0;39m | [1;32morg.mybatis.spring.mapper.ClassPathMapperScanner[0;39m | No MyBatis mapper was found in '[com.example.demo]' package. Please check your configuration.
2020-04-13 17:29:46 | [34mINFO [0;39m | [1;33mmain[0;39m | [1;32morg.springframework.data.repository.config.RepositoryConfigurationDelegate[0;39m | Multiple Spring Data modules found, entering strict repository configuration mode!
2020-04-13 17:29:47 | [34mINFO [0;39m | [1;33mmain[0;39m | [1;32morg.springframework.cloud.context.scope.GenericScope[0;39m | BeanFactory id=69ae7d68-0334-375c-b610-5471790f06c4
2020-04-13 17:29:47 | [34mINFO [0;39m | [1;33mmain[0;39m | [1;32morg.springframework.beans.factory.annotation.AutowiredAnnotationBeanPostProcessor[0;39m | JSR-330 'javax.inject.Inject' annotation found and supported for autowiring
2020-04-13 17:29:47 | [34mINFO [0;39m | [1;33mmain[0;39m | [1;32morg.springframework.context.support.PostProcessorRegistrationDelegate$BeanPostProcessorChecker[0;39m | Bean 'asyncConfig' of type [com.example.demo.web.AsyncConfig$$EnhancerBySpringCGLIB$$cc38e646] is not eligible for getting processed by all BeanPostProcessors (for example: not eligible for auto-proxying)
2020-04-13 17:29:47 | [34mINFO [0;39m | [1;33mmain[0;39m | [1;32morg.springframework.scheduling.concurrent.ThreadPoolTaskExecutor[0;39m | Initializing ExecutorService 
2020-04-13 17:29:47 | [34mINFO [0;39m | [1;33mmain[0;39m | [1;32morg.springframework.context.support.PostProcessorRegistrationDelegate$BeanPostProcessorChecker[0;39m | Bean 'org.springframework.amqp.rabbit.annotation.RabbitBootstrapConfiguration' of type [org.springframework.amqp.rabbit.annotation.RabbitBootstrapConfiguration$$EnhancerBySpringCGLIB$$20620765] is not eligible for getting processed by all BeanPostProcessors (for example: not eligible for auto-proxying)
2020-04-13 17:29:47 | [34mINFO [0;39m | [1;33mmain[0;39m | [1;32morg.springframework.context.support.PostProcessorRegistrationDelegate$BeanPostProcessorChecker[0;39m | Bean 'org.springframework.transaction.annotation.ProxyTransactionManagementConfiguration' of type [org.springframework.transaction.annotation.ProxyTransactionManagementConfiguration$$EnhancerBySpringCGLIB$$59f64937] is not eligible for getting processed by all BeanPostProcessors (for example: not eligible for auto-proxying)
2020-04-13 17:29:47 | [34mINFO [0;39m | [1;33mmain[0;39m | [1;32morg.springframework.context.support.PostProcessorRegistrationDelegate$BeanPostProcessorChecker[0;39m | Bean 'org.springframework.cloud.autoconfigure.ConfigurationPropertiesRebinderAutoConfiguration' of type [org.springframework.cloud.autoconfigure.ConfigurationPropertiesRebinderAutoConfiguration$$EnhancerBySpringCGLIB$$76104c34] is not eligible for getting processed by all BeanPostProcessors (for example: not eligible for auto-proxying)
2020-04-13 17:29:48 | [34mINFO [0;39m | [1;33mmain[0;39m | [1;32mcom.alibaba.druid.pool.DruidDataSource[0;39m | {dataSource-1} inited
2020-04-13 17:29:48 | [34mINFO [0;39m | [1;33mmain[0;39m | [1;32mcom.alibaba.druid.pool.DruidDataSource[0;39m | {dataSource-2} inited
2020-04-13 17:29:48 | [34mINFO [0;39m | [1;33mmain[0;39m | [1;32mcom.alibaba.druid.pool.DruidDataSource[0;39m | {dataSource-3} inited
2020-04-13 17:29:48 | [34mINFO [0;39m | [1;33mmain[0;39m | [1;32mcom.alibaba.druid.pool.DruidDataSource[0;39m | {dataSource-4} inited
2020-04-13 17:29:48 | [34mINFO [0;39m | [1;33mmain[0;39m | [1;32morg.redisson.Version[0;39m | Redisson 3.5.7
2020-04-13 17:29:49 | [34mINFO [0;39m | [1;33mredisson-netty-1-17[0;39m | [1;32morg.redisson.connection.pool.MasterConnectionPool[0;39m | 10 connections initialized for /127.0.0.1:6379
2020-04-13 17:29:49 | [34mINFO [0;39m | [1;33mredisson-netty-1-1[0;39m | [1;32morg.redisson.connection.pool.MasterPubSubConnectionPool[0;39m | 1 connections initialized for /127.0.0.1:6379
2020-04-13 17:29:50 | [34mINFO [0;39m | [1;33mmain[0;39m | [1;32morg.springframework.context.annotation.AnnotationConfigApplicationContext[0;39m | Refreshing FeignContext-tensquare-base: startup date [Mon Apr 13 17:29:50 CST 2020]; parent: org.springframework.web.context.support.GenericWebApplicationContext@31d6f3fe
2020-04-13 17:29:50 | [34mINFO [0;39m | [1;33mmain[0;39m | [1;32morg.springframework.beans.factory.annotation.AutowiredAnnotationBeanPostProcessor[0;39m | JSR-330 'javax.inject.Inject' annotation found and supported for autowiring
2020-04-13 17:29:51 | [34mINFO [0;39m | [1;33mmain[0;39m | [1;32morg.springframework.web.servlet.mvc.method.annotation.RequestMappingHandlerMapping[0;39m | Mapped "{[/poi],methods=[GET]}" onto public void com.example.demo.web.HelloController.test(javax.servlet.http.HttpServletResponse) throws java.io.IOException
2020-04-13 17:29:51 | [34mINFO [0;39m | [1;33mmain[0;39m | [1;32morg.springframework.web.servlet.mvc.method.annotation.RequestMappingHandlerMapping[0;39m | Mapped "{[/test],methods=[GET]}" onto public java.lang.String com.example.demo.web.HelloController.test()
2020-04-13 17:29:51 | [34mINFO [0;39m | [1;33mmain[0;39m | [1;32morg.springframework.web.servlet.mvc.method.annotation.RequestMappingHandlerMapping[0;39m | Mapped "{[/searchM3],methods=[GET]}" onto public com.example.demo.utils.Result com.example.demo.web.HelloController.hello2()
2020-04-13 17:29:51 | [34mINFO [0;39m | [1;33mmain[0;39m | [1;32morg.springframework.web.servlet.mvc.method.annotation.RequestMappingHandlerMapping[0;39m | Mapped "{[/search],methods=[GET]}" onto public java.util.List<com.example.demo.pojo.User> com.example.demo.web.HelloController.hello()
2020-04-13 17:29:51 | [34mINFO [0;39m | [1;33mmain[0;39m | [1;32morg.springframework.web.servlet.mvc.method.annotation.RequestMappingHandlerMapping[0;39m | Mapped "{[/searchM],methods=[GET]}" onto public com.example.demo.utils.Result<java.util.List<com.example.demo.pojo.User>> com.example.demo.web.HelloController.hello1()
2020-04-13 17:29:51 | [34mINFO [0;39m | [1;33mmain[0;39m | [1;32morg.springframework.web.servlet.mvc.method.annotation.RequestMappingHandlerMapping[0;39m | Mapped "{[/calculatePrice],methods=[GET]}" onto public java.math.BigDecimal com.example.demo.web.HelloController.calculatePrice(java.lang.String)
2020-04-13 17:29:51 | [34mINFO [0;39m | [1;33mmain[0;39m | [1;32morg.springframework.web.servlet.mvc.method.annotation.RequestMappingHandlerMapping[0;39m | Mapped "{[/insertuser],methods=[POST]}" onto public com.example.demo.utils.Result com.example.demo.web.HelloController.insertuser(com.example.demo.web.RequestData)
2020-04-13 17:29:51 | [34mINFO [0;39m | [1;33mmain[0;39m | [1;32morg.springframework.web.servlet.mvc.method.annotation.RequestMappingHandlerMapping[0;39m | Mapped "{[/fangqq],methods=[GET]}" onto public java.lang.String com.example.demo.web.HelloController.fangqq(javax.servlet.http.HttpServletResponse) throws java.io.IOException
2020-04-13 17:29:51 | [34mINFO [0;39m | [1;33mmain[0;39m | [1;32morg.springframework.web.servlet.mvc.method.annotation.RequestMappingHandlerMapping[0;39m | Mapped "{[/fang],methods=[POST]}" onto public java.lang.String com.example.demo.web.HelloController.fang(javax.servlet.http.HttpServletResponse,java.lang.String)
2020-04-13 17:29:51 | [34mINFO [0;39m | [1;33mmain[0;39m | [1;32morg.springframework.web.servlet.mvc.method.annotation.RequestMappingHandlerMapping[0;39m | Mapped "{[/user/lock],methods=[GET]}" onto public com.example.demo.utils.Result com.example.demo.web.UserController.lock() throws java.lang.reflect.InvocationTargetException,java.lang.IllegalAccessException
2020-04-13 17:29:51 | [34mINFO [0;39m | [1;33mmain[0;39m | [1;32morg.springframework.web.servlet.mvc.method.annotation.RequestMappingHandlerMapping[0;39m | Mapped "{[/user/isunLock],methods=[GET]}" onto public com.example.demo.utils.Result com.example.demo.web.UserController.isunLock(java.lang.Integer)
2020-04-13 17:29:51 | [34mINFO [0;39m | [1;33mmain[0;39m | [1;32morg.springframework.web.servlet.mvc.method.annotation.RequestMappingHandlerMapping[0;39m | Mapped "{[/user/unLock],methods=[GET]}" onto public com.example.demo.utils.Result com.example.demo.web.UserController.unLock(java.lang.Integer)
2020-04-13 17:29:51 | [34mINFO [0;39m | [1;33mmain[0;39m | [1;32morg.springframework.web.servlet.mvc.method.annotation.RequestMappingHandlerMapping[0;39m | Mapped "{[/wxmb/sendmsg],methods=[POST]}" onto public void com.example.demo.wx.moban.controller.WxMobanController.sendMsg(java.util.HashMap<java.lang.String, java.lang.Object>)
2020-04-13 17:29:51 | [34mINFO [0;39m | [1;33mmain[0;39m | [1;32morg.springframework.web.servlet.mvc.method.annotation.RequestMappingHandlerMapping[0;39m | Mapped "{[/swagger-resources]}" onto public org.springframework.http.ResponseEntity<java.util.List<springfox.documentation.swagger.web.SwaggerResource>> springfox.documentation.swagger.web.ApiResourceController.swaggerResources()
2020-04-13 17:29:51 | [34mINFO [0;39m | [1;33mmain[0;39m | [1;32morg.springframework.web.servlet.mvc.method.annotation.RequestMappingHandlerMapping[0;39m | Mapped "{[/swagger-resources/configuration/ui]}" onto public org.springframework.http.ResponseEntity<springfox.documentation.swagger.web.UiConfiguration> springfox.documentation.swagger.web.ApiResourceController.uiConfiguration()
2020-04-13 17:29:51 | [34mINFO [0;39m | [1;33mmain[0;39m | [1;32morg.springframework.web.servlet.mvc.method.annotation.RequestMappingHandlerMapping[0;39m | Mapped "{[/swagger-resources/configuration/security]}" onto public org.springframework.http.ResponseEntity<springfox.documentation.swagger.web.SecurityConfiguration> springfox.documentation.swagger.web.ApiResourceController.securityConfiguration()
2020-04-13 17:29:51 | [34mINFO [0;39m | [1;33mmain[0;39m | [1;32morg.springframework.web.servlet.mvc.method.annotation.RequestMappingHandlerMapping[0;39m | Mapped "{[/error]}" onto public org.springframework.http.ResponseEntity<java.util.Map<java.lang.String, java.lang.Object>> org.springframework.boot.autoconfigure.web.servlet.error.BasicErrorController.error(javax.servlet.http.HttpServletRequest)
2020-04-13 17:29:51 | [34mINFO [0;39m | [1;33mmain[0;39m | [1;32morg.springframework.web.servlet.mvc.method.annotation.RequestMappingHandlerMapping[0;39m | Mapped "{[/error],produces=[text/html]}" onto public org.springframework.web.servlet.ModelAndView org.springframework.boot.autoconfigure.web.servlet.error.BasicErrorController.errorHtml(javax.servlet.http.HttpServletRequest,javax.servlet.http.HttpServletResponse)
2020-04-13 17:29:52 | [31mWARN [0;39m | [1;33mmain[0;39m | [1;32mcom.netflix.config.sources.URLConfigurationSource[0;39m | No URLs will be polled as dynamic configuration sources.
2020-04-13 17:29:52 | [34mINFO [0;39m | [1;33mmain[0;39m | [1;32mcom.netflix.config.sources.URLConfigurationSource[0;39m | To enable URLs as dynamic configuration sources, define System property archaius.configurationSource.additionalUrls or make config.properties available on classpath.
2020-04-13 17:29:52 | [34mINFO [0;39m | [1;33mmain[0;39m | [1;32mcom.netflix.config.DynamicPropertyFactory[0;39m | DynamicPropertyFactory is initialized with configuration sources: com.netflix.config.ConcurrentCompositeConfiguration@5834fd3f
2020-04-13 17:29:53 | [34mINFO [0;39m | [1;33mmain[0;39m | [1;32morg.springframework.boot.actuate.endpoint.web.EndpointLinksResolver[0;39m | Exposing 2 endpoint(s) beneath base path '/actuator'
2020-04-13 17:29:53 | [34mINFO [0;39m | [1;33mmain[0;39m | [1;32morg.springframework.boot.actuate.endpoint.web.servlet.WebMvcEndpointHandlerMapping[0;39m | Mapped "{[/actuator/health],methods=[GET],produces=[application/vnd.spring-boot.actuator.v2+json || application/json]}" onto public java.lang.Object org.springframework.boot.actuate.endpoint.web.servlet.AbstractWebMvcEndpointHandlerMapping$OperationHandler.handle(javax.servlet.http.HttpServletRequest,java.util.Map<java.lang.String, java.lang.String>)
2020-04-13 17:29:53 | [34mINFO [0;39m | [1;33mmain[0;39m | [1;32morg.springframework.boot.actuate.endpoint.web.servlet.WebMvcEndpointHandlerMapping[0;39m | Mapped "{[/actuator/info],methods=[GET],produces=[application/vnd.spring-boot.actuator.v2+json || application/json]}" onto public java.lang.Object org.springframework.boot.actuate.endpoint.web.servlet.AbstractWebMvcEndpointHandlerMapping$OperationHandler.handle(javax.servlet.http.HttpServletRequest,java.util.Map<java.lang.String, java.lang.String>)
2020-04-13 17:29:53 | [34mINFO [0;39m | [1;33mmain[0;39m | [1;32morg.springframework.boot.actuate.endpoint.web.servlet.WebMvcEndpointHandlerMapping[0;39m | Mapped "{[/actuator],methods=[GET],produces=[application/vnd.spring-boot.actuator.v2+json || application/json]}" onto protected java.util.Map<java.lang.String, java.util.Map<java.lang.String, org.springframework.boot.actuate.endpoint.web.Link>> org.springframework.boot.actuate.endpoint.web.servlet.WebMvcEndpointHandlerMapping.links(javax.servlet.http.HttpServletRequest,javax.servlet.http.HttpServletResponse)
2020-04-13 17:29:53 | [34mINFO [0;39m | [1;33mmain[0;39m | [1;32mspringfox.documentation.spring.web.PropertySourcedRequestMappingHandlerMapping[0;39m | Mapped URL path [/v2/api-docs] onto method [public org.springframework.http.ResponseEntity<springfox.documentation.spring.web.json.Json> springfox.documentation.swagger2.web.Swagger2Controller.getDocumentation(java.lang.String,javax.servlet.http.HttpServletRequest)]
2020-04-13 17:29:53 | [31mWARN [0;39m | [1;33mmain[0;39m | [1;32mcom.netflix.config.sources.URLConfigurationSource[0;39m | No URLs will be polled as dynamic configuration sources.
2020-04-13 17:29:53 | [34mINFO [0;39m | [1;33mmain[0;39m | [1;32mcom.netflix.config.sources.URLConfigurationSource[0;39m | To enable URLs as dynamic configuration sources, define System property archaius.configurationSource.additionalUrls or make config.properties available on classpath.
2020-04-13 17:29:54 | [34mINFO [0;39m | [1;33mmain[0;39m | [1;32morg.springframework.web.servlet.handler.SimpleUrlHandlerMapping[0;39m | Mapped URL path [/**/favicon.ico] onto handler of type [class org.springframework.web.servlet.resource.ResourceHttpRequestHandler]
2020-04-13 17:29:54 | [34mINFO [0;39m | [1;33mmain[0;39m | [1;32morg.springframework.web.servlet.mvc.method.annotation.RequestMappingHandlerAdapter[0;39m | Looking for @ControllerAdvice: org.springframework.web.context.support.GenericWebApplicationContext@31d6f3fe: startup date [Mon Apr 13 17:29:45 CST 2020]; parent: org.springframework.context.annotation.AnnotationConfigApplicationContext@32c0915e
2020-04-13 17:29:54 | [34mINFO [0;39m | [1;33mmain[0;39m | [1;32morg.springframework.web.servlet.handler.SimpleUrlHandlerMapping[0;39m | Mapped URL path [/webjars/**] onto handler of type [class org.springframework.web.servlet.resource.ResourceHttpRequestHandler]
2020-04-13 17:29:54 | [34mINFO [0;39m | [1;33mmain[0;39m | [1;32morg.springframework.web.servlet.handler.SimpleUrlHandlerMapping[0;39m | Mapped URL path [/**] onto handler of type [class org.springframework.web.servlet.resource.ResourceHttpRequestHandler]
2020-04-13 17:29:54 | [34mINFO [0;39m | [1;33mmain[0;39m | [1;32morg.springframework.web.servlet.mvc.method.annotation.ExceptionHandlerExceptionResolver[0;39m | Detected @ExceptionHandler methods in globalExceptionHandler
2020-04-13 17:29:54 | [34mINFO [0;39m | [1;33mmain[0;39m | [1;32mtk.mybatis.mapper.autoconfigure.MapperCacheDisabler[0;39m | Clear tk.mybatis.mapper.util.MsUtil CLASS_CACHE cache.
2020-04-13 17:29:54 | [34mINFO [0;39m | [1;33mmain[0;39m | [1;32mtk.mybatis.mapper.autoconfigure.MapperCacheDisabler[0;39m | Clear tk.mybatis.mapper.genid.GenIdUtil CACHE cache.
2020-04-13 17:29:54 | [34mINFO [0;39m | [1;33mmain[0;39m | [1;32mtk.mybatis.mapper.autoconfigure.MapperCacheDisabler[0;39m | Clear tk.mybatis.mapper.version.VersionUtil CACHE cache.
2020-04-13 17:29:54 | [34mINFO [0;39m | [1;33mmain[0;39m | [1;32mtk.mybatis.mapper.autoconfigure.MapperCacheDisabler[0;39m | Clear EntityHelper entityTableMap cache.
2020-04-13 17:29:55 | [34mINFO [0;39m | [1;33mmain[0;39m | [1;32morg.springframework.context.support.DefaultLifecycleProcessor[0;39m | Starting beans in phase 0
2020-04-13 17:29:55 | [34mINFO [0;39m | [1;33mmain[0;39m | [1;32morg.springframework.context.support.DefaultLifecycleProcessor[0;39m | Starting beans in phase 2147483647
2020-04-13 17:29:55 | [34mINFO [0;39m | [1;33mmain[0;39m | [1;32mspringfox.documentation.spring.web.plugins.DocumentationPluginsBootstrapper[0;39m | Context refreshed
2020-04-13 17:29:55 | [34mINFO [0;39m | [1;33mmain[0;39m | [1;32mspringfox.documentation.spring.web.plugins.DocumentationPluginsBootstrapper[0;39m | Found 1 custom documentation plugin(s)
2020-04-13 17:29:55 | [34mINFO [0;39m | [1;33mmain[0;39m | [1;32mspringfox.documentation.spring.web.scanners.ApiListingReferenceScanner[0;39m | Scanning for api listing references
2020-04-13 17:29:56 | [34mINFO [0;39m | [1;33mmain[0;39m | [1;32mspringfox.documentation.spring.web.readers.operation.CachingOperationNameGenerator[0;39m | Generating unique operation named: testUsingGET_1
2020-04-13 17:29:56 | [34mINFO [0;39m | [1;33mmain[0;39m | [1;32mspringfox.documentation.spring.web.readers.operation.CachingOperationNameGenerator[0;39m | Generating unique operation named: handleUsingGET_1
2020-04-13 17:29:56 | [34mINFO [0;39m | [1;33mwxSimpleMessageListenerContainer-1[0;39m | [1;32morg.springframework.amqp.rabbit.connection.CachingConnectionFactory[0;39m | Attempting to connect to: 127.0.0.1:5672
2020-04-13 17:29:56 | [34mINFO [0;39m | [1;33mwxSimpleMessageListenerContainer-1[0;39m | [1;32morg.springframework.amqp.rabbit.connection.CachingConnectionFactory[0;39m | Created new connection: firstConnectionFactory#60c8909a:0/SimpleConnection@2279d4dd [delegate=amqp://guest@127.0.0.1:5672/, localPort= 59994]
2020-04-13 17:29:56 | [34mINFO [0;39m | [1;33mSimpleAsyncTaskExecutor-1[0;39m | [1;32morg.springframework.amqp.rabbit.connection.CachingConnectionFactory[0;39m | Attempting to connect to: 127.0.0.1:5672
2020-04-13 17:29:56 | [34mINFO [0;39m | [1;33mSimpleAsyncTaskExecutor-1[0;39m | [1;32morg.springframework.amqp.rabbit.connection.CachingConnectionFactory[0;39m | Created new connection: secondConnectionFactory#1d686622:0/SimpleConnection@49f4bdc [delegate=amqp://guest@127.0.0.1:5672/, localPort= 59995]
2020-04-13 17:29:56 | [34mINFO [0;39m | [1;33mmain[0;39m | [1;32mcom.example.demo.rabbitmq.RabbitmqMuilterTest[0;39m | Started RabbitmqMuilterTest in 12.924 seconds (JVM running for 14.255)
2020-04-13 17:29:56 | [34mINFO [0;39m | [1;33mThread-9[0;39m | [1;32morg.springframework.web.context.support.GenericWebApplicationContext[0;39m | Closing org.springframework.web.context.support.GenericWebApplicationContext@31d6f3fe: startup date [Mon Apr 13 17:29:45 CST 2020]; parent: org.springframework.context.annotation.AnnotationConfigApplicationContext@32c0915e
2020-04-13 17:29:57 | [34mINFO [0;39m | [1;33mThread-9[0;39m | [1;32morg.springframework.cloud.netflix.eureka.InstanceInfoFactory[0;39m | Setting initial instance status as: STARTING
2020-04-13 17:29:57 | [34mINFO [0;39m | [1;33mThread-9[0;39m | [1;32morg.springframework.cloud.netflix.eureka.serviceregistry.EurekaServiceRegistry[0;39m | Unregistering application tensquare-friend with eureka with status DOWN
2020-04-13 17:29:57 | [34mINFO [0;39m | [1;33mThread-9[0;39m | [1;32morg.springframework.context.support.DefaultLifecycleProcessor[0;39m | Stopping beans in phase 2147483647
2020-04-13 17:29:57 | [34mINFO [0;39m | [1;33mThread-9[0;39m | [1;32morg.springframework.amqp.rabbit.listener.SimpleMessageListenerContainer[0;39m | Waiting for workers to finish.
2020-04-13 17:29:57 | [34mINFO [0;39m | [1;33mThread-9[0;39m | [1;32morg.springframework.amqp.rabbit.listener.SimpleMessageListenerContainer[0;39m | Successfully waited for workers to finish.
2020-04-13 17:29:57 | [34mINFO [0;39m | [1;33mThread-9[0;39m | [1;32morg.springframework.amqp.rabbit.listener.SimpleMessageListenerContainer[0;39m | Waiting for workers to finish.
2020-04-13 17:29:58 | [34mINFO [0;39m | [1;33mThread-9[0;39m | [1;32morg.springframework.amqp.rabbit.listener.SimpleMessageListenerContainer[0;39m | Successfully waited for workers to finish.
2020-04-13 17:29:58 | [34mINFO [0;39m | [1;33mThread-9[0;39m | [1;32morg.springframework.amqp.rabbit.listener.SimpleMessageListenerContainer[0;39m | Waiting for workers to finish.
2020-04-13 17:29:59 | [34mINFO [0;39m | [1;33mThread-9[0;39m | [1;32morg.springframework.amqp.rabbit.listener.SimpleMessageListenerContainer[0;39m | Successfully waited for workers to finish.
2020-04-13 17:29:59 | [34mINFO [0;39m | [1;33mThread-9[0;39m | [1;32morg.springframework.context.support.DefaultLifecycleProcessor[0;39m | Stopping beans in phase 0
2020-04-13 17:29:59 | [31mWARN [0;39m | [1;33mThread-9[0;39m | [1;32morg.springframework.beans.factory.support.DisposableBeanAdapter[0;39m | Destroy method 'close' on bean with name 'jCacheCacheManager' threw an exception: java.lang.NullPointerException
2020-04-13 17:29:59 | [34mINFO [0;39m | [1;33mThread-9[0;39m | [1;32morg.springframework.amqp.rabbit.listener.SimpleMessageListenerContainer[0;39m | Shutdown ignored - container is not active already
2020-04-13 17:29:59 | [34mINFO [0;39m | [1;33mThread-9[0;39m | [1;32mcom.netflix.discovery.DiscoveryClient[0;39m | Initializing Eureka in region us-east-1
2020-04-13 17:29:59 | [34mINFO [0;39m | [1;33mThread-9[0;39m | [1;32mcom.netflix.discovery.provider.DiscoveryJerseyProvider[0;39m | Using JSON encoding codec LegacyJacksonJson
2020-04-13 17:29:59 | [34mINFO [0;39m | [1;33mThread-9[0;39m | [1;32mcom.netflix.discovery.provider.DiscoveryJerseyProvider[0;39m | Using JSON decoding codec LegacyJacksonJson
2020-04-13 17:29:59 | [34mINFO [0;39m | [1;33mThread-9[0;39m | [1;32mcom.netflix.discovery.provider.DiscoveryJerseyProvider[0;39m | Using XML encoding codec XStreamXml
2020-04-13 17:29:59 | [34mINFO [0;39m | [1;33mThread-9[0;39m | [1;32mcom.netflix.discovery.provider.DiscoveryJerseyProvider[0;39m | Using XML decoding codec XStreamXml
2020-04-13 17:29:59 | [34mINFO [0;39m | [1;33mThread-9[0;39m | [1;32mcom.netflix.discovery.shared.resolver.aws.ConfigClusterResolver[0;39m | Resolving eureka endpoints via configuration
2020-04-13 17:29:59 | [34mINFO [0;39m | [1;33mThread-9[0;39m | [1;32mcom.netflix.discovery.DiscoveryClient[0;39m | Disable delta property : false
2020-04-13 17:29:59 | [34mINFO [0;39m | [1;33mThread-9[0;39m | [1;32mcom.netflix.discovery.DiscoveryClient[0;39m | Single vip registry refresh property : null
2020-04-13 17:29:59 | [34mINFO [0;39m | [1;33mThread-9[0;39m | [1;32mcom.netflix.discovery.DiscoveryClient[0;39m | Force full registry fetch : false
2020-04-13 17:29:59 | [34mINFO [0;39m | [1;33mThread-9[0;39m | [1;32mcom.netflix.discovery.DiscoveryClient[0;39m | Application is null : false
2020-04-13 17:29:59 | [34mINFO [0;39m | [1;33mThread-9[0;39m | [1;32mcom.netflix.discovery.DiscoveryClient[0;39m | Registered Applications size is zero : true
2020-04-13 17:29:59 | [34mINFO [0;39m | [1;33mThread-9[0;39m | [1;32mcom.netflix.discovery.DiscoveryClient[0;39m | Application version is -1: true
2020-04-13 17:29:59 | [34mINFO [0;39m | [1;33mThread-9[0;39m | [1;32mcom.netflix.discovery.DiscoveryClient[0;39m | Getting all instance registry info from the eureka server
2020-04-13 17:30:00 | [34mINFO [0;39m | [1;33mThread-9[0;39m | [1;32mcom.netflix.discovery.DiscoveryClient[0;39m | The response status is 200
2020-04-13 17:30:00 | [34mINFO [0;39m | [1;33mThread-9[0;39m | [1;32mcom.netflix.discovery.DiscoveryClient[0;39m | Starting heartbeat executor: renew interval is: 5
2020-04-13 17:30:00 | [34mINFO [0;39m | [1;33mThread-9[0;39m | [1;32mcom.netflix.discovery.InstanceInfoReplicator[0;39m | InstanceInfoReplicator onDemand update allowed rate per min is 4
2020-04-13 17:30:00 | [34mINFO [0;39m | [1;33mThread-9[0;39m | [1;32mcom.netflix.discovery.DiscoveryClient[0;39m | Discovery Client initialized at timestamp 1586770200058 with initial instances count: 1
2020-04-13 17:30:00 | [34mINFO [0;39m | [1;33mThread-9[0;39m | [1;32mcom.netflix.discovery.DiscoveryClient[0;39m | Shutting down DiscoveryClient ...
2020-04-13 17:30:03 | [34mINFO [0;39m | [1;33mThread-9[0;39m | [1;32mcom.netflix.discovery.DiscoveryClient[0;39m | Unregistering ...
2020-04-13 17:30:03 | [34mINFO [0;39m | [1;33mThread-9[0;39m | [1;32mcom.netflix.discovery.DiscoveryClient[0;39m | DiscoveryClient_TENSQUARE-FRIEND/WIN-RMNCVCE7I3E:tensquare-friend:-1 - deregister  status: 404
2020-04-13 17:30:03 | [34mINFO [0;39m | [1;33mThread-9[0;39m | [1;32mcom.netflix.discovery.DiscoveryClient[0;39m | Completed shut down of DiscoveryClient
2020-04-13 17:30:03 | [34mINFO [0;39m | [1;33mThread-9[0;39m | [1;32morg.springframework.amqp.rabbit.listener.SimpleMessageListenerContainer[0;39m | Shutdown ignored - container is not active already
2020-04-13 17:30:03 | [34mINFO [0;39m | [1;33mThread-9[0;39m | [1;32morg.springframework.amqp.rabbit.listener.SimpleMessageListenerContainer[0;39m | Shutdown ignored - container is not active already
2020-04-13 17:30:03 | [34mINFO [0;39m | [1;33mThread-9[0;39m | [1;32morg.springframework.context.annotation.AnnotationConfigApplicationContext[0;39m | Closing FeignContext-tensquare-base: startup date [Mon Apr 13 17:29:50 CST 2020]; parent: org.springframework.web.context.support.GenericWebApplicationContext@31d6f3fe
2020-04-13 17:30:03 | [31mWARN [0;39m | [1;33mThread-9[0;39m | [1;32morg.springframework.context.annotation.AnnotationConfigApplicationContext[0;39m | Exception thrown from ApplicationListener handling ContextClosedEvent
org.springframework.beans.factory.BeanCreationNotAllowedException: Error creating bean with name 'eurekaAutoServiceRegistration': Singleton bean creation not allowed while singletons of this factory are in destruction (Do not request a bean from a BeanFactory in a destroy method implementation!)
	at org.springframework.beans.factory.support.DefaultSingletonBeanRegistry.getSingleton(DefaultSingletonBeanRegistry.java:208)
	at org.springframework.beans.factory.support.AbstractBeanFactory.doGetBean(AbstractBeanFactory.java:315)
	at org.springframework.beans.factory.support.AbstractBeanFactory.getBean(AbstractBeanFactory.java:199)
	at org.springframework.context.support.AbstractApplicationContext.getBean(AbstractApplicationContext.java:1089)
	at org.springframework.context.event.ApplicationListenerMethodAdapter.getTargetBean(ApplicationListenerMethodAdapter.java:288)
	at org.springframework.context.event.ApplicationListenerMethodAdapter.doInvoke(ApplicationListenerMethodAdapter.java:258)
	at org.springframework.context.event.ApplicationListenerMethodAdapter.processEvent(ApplicationListenerMethodAdapter.java:180)
	at org.springframework.context.event.ApplicationListenerMethodAdapter.onApplicationEvent(ApplicationListenerMethodAdapter.java:142)
	at org.springframework.context.event.SimpleApplicationEventMulticaster.doInvokeListener(SimpleApplicationEventMulticaster.java:172)
	at org.springframework.context.event.SimpleApplicationEventMulticaster.invokeListener(SimpleApplicationEventMulticaster.java:165)
	at org.springframework.context.event.SimpleApplicationEventMulticaster.multicastEvent(SimpleApplicationEventMulticaster.java:139)
	at org.springframework.context.support.AbstractApplicationContext.publishEvent(AbstractApplicationContext.java:400)
	at org.springframework.context.support.AbstractApplicationContext.publishEvent(AbstractApplicationContext.java:406)
	at org.springframework.context.support.AbstractApplicationContext.publishEvent(AbstractApplicationContext.java:354)
	at org.springframework.context.support.AbstractApplicationContext.doClose(AbstractApplicationContext.java:1000)
	at org.springframework.context.support.AbstractApplicationContext.close(AbstractApplicationContext.java:967)
	at org.springframework.cloud.context.named.NamedContextFactory.destroy(NamedContextFactory.java:76)
	at org.springframework.beans.factory.support.DisposableBeanAdapter.destroy(DisposableBeanAdapter.java:256)
	at org.springframework.beans.factory.support.DefaultSingletonBeanRegistry.destroyBean(DefaultSingletonBeanRegistry.java:571)
	at org.springframework.beans.factory.support.DefaultSingletonBeanRegistry.destroySingleton(DefaultSingletonBeanRegistry.java:543)
	at org.springframework.beans.factory.support.DefaultListableBeanFactory.destroySingleton(DefaultListableBeanFactory.java:954)
	at org.springframework.beans.factory.support.DefaultSingletonBeanRegistry.destroySingletons(DefaultSingletonBeanRegistry.java:504)
	at org.springframework.beans.factory.support.DefaultListableBeanFactory.destroySingletons(DefaultListableBeanFactory.java:961)
	at org.springframework.context.support.AbstractApplicationContext.destroyBeans(AbstractApplicationContext.java:1041)
	at org.springframework.context.support.AbstractApplicationContext.doClose(AbstractApplicationContext.java:1017)
	at org.springframework.context.support.AbstractApplicationContext$1.run(AbstractApplicationContext.java:937)
2020-04-13 17:39:51 | [34mINFO [0;39m | [1;33mmain[0;39m | [1;32morg.springframework.context.annotation.AnnotationConfigApplicationContext[0;39m | Refreshing org.springframework.context.annotation.AnnotationConfigApplicationContext@588ab592: startup date [Mon Apr 13 17:39:51 CST 2020]; root of context hierarchy
2020-04-13 17:39:51 | [34mINFO [0;39m | [1;33mmain[0;39m | [1;32morg.springframework.beans.factory.annotation.AutowiredAnnotationBeanPostProcessor[0;39m | JSR-330 'javax.inject.Inject' annotation found and supported for autowiring
2020-04-13 17:39:51 | [34mINFO [0;39m | [1;33mmain[0;39m | [1;32morg.springframework.context.support.PostProcessorRegistrationDelegate$BeanPostProcessorChecker[0;39m | Bean 'configurationPropertiesRebinderAutoConfiguration' of type [org.springframework.cloud.autoconfigure.ConfigurationPropertiesRebinderAutoConfiguration$$EnhancerBySpringCGLIB$$3413fe66] is not eligible for getting processed by all BeanPostProcessors (for example: not eligible for auto-proxying)
2020-04-13 17:39:51 | [34mINFO [0;39m | [1;33mmain[0;39m | [1;32mcom.example.demo.rabbitmq.RabbitmqMuilterTest[0;39m | No active profile set, falling back to default profiles: default
2020-04-13 17:39:51 | [34mINFO [0;39m | [1;33mmain[0;39m | [1;32morg.springframework.web.context.support.GenericWebApplicationContext[0;39m | Refreshing org.springframework.web.context.support.GenericWebApplicationContext@701bc94e: startup date [Mon Apr 13 17:39:51 CST 2020]; parent: org.springframework.context.annotation.AnnotationConfigApplicationContext@588ab592
2020-04-13 17:39:52 | [31mWARN [0;39m | [1;33mmain[0;39m | [1;32morg.mybatis.spring.mapper.ClassPathMapperScanner[0;39m | Skipping MapperFactoryBean with name 'brokerMessageLogMapper' and 'com.example.demo.mapper.BrokerMessageLogMapper' mapperInterface. Bean already defined with the same name!
2020-04-13 17:39:52 | [31mWARN [0;39m | [1;33mmain[0;39m | [1;32morg.mybatis.spring.mapper.ClassPathMapperScanner[0;39m | Skipping MapperFactoryBean with name 'orderMapper' and 'com.example.demo.mapper.OrderMapper' mapperInterface. Bean already defined with the same name!
2020-04-13 17:39:52 | [31mWARN [0;39m | [1;33mmain[0;39m | [1;32morg.mybatis.spring.mapper.ClassPathMapperScanner[0;39m | Skipping MapperFactoryBean with name 'userMapper' and 'com.example.demo.mapper.UserMapper' mapperInterface. Bean already defined with the same name!
2020-04-13 17:39:52 | [31mWARN [0;39m | [1;33mmain[0;39m | [1;32morg.mybatis.spring.mapper.ClassPathMapperScanner[0;39m | No MyBatis mapper was found in '[com.example.demo]' package. Please check your configuration.
2020-04-13 17:39:53 | [34mINFO [0;39m | [1;33mmain[0;39m | [1;32morg.springframework.data.repository.config.RepositoryConfigurationDelegate[0;39m | Multiple Spring Data modules found, entering strict repository configuration mode!
2020-04-13 17:39:53 | [34mINFO [0;39m | [1;33mmain[0;39m | [1;32morg.springframework.cloud.context.scope.GenericScope[0;39m | BeanFactory id=69ae7d68-0334-375c-b610-5471790f06c4
2020-04-13 17:39:53 | [34mINFO [0;39m | [1;33mmain[0;39m | [1;32morg.springframework.beans.factory.annotation.AutowiredAnnotationBeanPostProcessor[0;39m | JSR-330 'javax.inject.Inject' annotation found and supported for autowiring
2020-04-13 17:39:53 | [34mINFO [0;39m | [1;33mmain[0;39m | [1;32morg.springframework.context.support.PostProcessorRegistrationDelegate$BeanPostProcessorChecker[0;39m | Bean 'asyncConfig' of type [com.example.demo.web.AsyncConfig$$EnhancerBySpringCGLIB$$8a3c9878] is not eligible for getting processed by all BeanPostProcessors (for example: not eligible for auto-proxying)
2020-04-13 17:39:53 | [34mINFO [0;39m | [1;33mmain[0;39m | [1;32morg.springframework.scheduling.concurrent.ThreadPoolTaskExecutor[0;39m | Initializing ExecutorService 
2020-04-13 17:39:53 | [34mINFO [0;39m | [1;33mmain[0;39m | [1;32morg.springframework.context.support.PostProcessorRegistrationDelegate$BeanPostProcessorChecker[0;39m | Bean 'org.springframework.amqp.rabbit.annotation.RabbitBootstrapConfiguration' of type [org.springframework.amqp.rabbit.annotation.RabbitBootstrapConfiguration$$EnhancerBySpringCGLIB$$de65b997] is not eligible for getting processed by all BeanPostProcessors (for example: not eligible for auto-proxying)
2020-04-13 17:39:54 | [34mINFO [0;39m | [1;33mmain[0;39m | [1;32morg.springframework.context.support.PostProcessorRegistrationDelegate$BeanPostProcessorChecker[0;39m | Bean 'org.springframework.transaction.annotation.ProxyTransactionManagementConfiguration' of type [org.springframework.transaction.annotation.ProxyTransactionManagementConfiguration$$EnhancerBySpringCGLIB$$17f9fb69] is not eligible for getting processed by all BeanPostProcessors (for example: not eligible for auto-proxying)
2020-04-13 17:39:54 | [34mINFO [0;39m | [1;33mmain[0;39m | [1;32morg.springframework.context.support.PostProcessorRegistrationDelegate$BeanPostProcessorChecker[0;39m | Bean 'org.springframework.cloud.autoconfigure.ConfigurationPropertiesRebinderAutoConfiguration' of type [org.springframework.cloud.autoconfigure.ConfigurationPropertiesRebinderAutoConfiguration$$EnhancerBySpringCGLIB$$3413fe66] is not eligible for getting processed by all BeanPostProcessors (for example: not eligible for auto-proxying)
2020-04-13 17:39:54 | [34mINFO [0;39m | [1;33mmain[0;39m | [1;32mcom.alibaba.druid.pool.DruidDataSource[0;39m | {dataSource-1} inited
2020-04-13 17:39:54 | [34mINFO [0;39m | [1;33mmain[0;39m | [1;32mcom.alibaba.druid.pool.DruidDataSource[0;39m | {dataSource-2} inited
2020-04-13 17:39:54 | [34mINFO [0;39m | [1;33mmain[0;39m | [1;32mcom.alibaba.druid.pool.DruidDataSource[0;39m | {dataSource-3} inited
2020-04-13 17:39:54 | [34mINFO [0;39m | [1;33mmain[0;39m | [1;32mcom.alibaba.druid.pool.DruidDataSource[0;39m | {dataSource-4} inited
2020-04-13 17:39:55 | [34mINFO [0;39m | [1;33mmain[0;39m | [1;32morg.redisson.Version[0;39m | Redisson 3.5.7
2020-04-13 17:39:55 | [34mINFO [0;39m | [1;33mredisson-netty-1-14[0;39m | [1;32morg.redisson.connection.pool.MasterPubSubConnectionPool[0;39m | 1 connections initialized for /127.0.0.1:6379
2020-04-13 17:39:55 | [34mINFO [0;39m | [1;33mredisson-netty-1-17[0;39m | [1;32morg.redisson.connection.pool.MasterConnectionPool[0;39m | 10 connections initialized for /127.0.0.1:6379
2020-04-13 17:39:56 | [34mINFO [0;39m | [1;33mmain[0;39m | [1;32morg.springframework.context.annotation.AnnotationConfigApplicationContext[0;39m | Refreshing FeignContext-tensquare-base: startup date [Mon Apr 13 17:39:56 CST 2020]; parent: org.springframework.web.context.support.GenericWebApplicationContext@701bc94e
2020-04-13 17:39:56 | [34mINFO [0;39m | [1;33mmain[0;39m | [1;32morg.springframework.beans.factory.annotation.AutowiredAnnotationBeanPostProcessor[0;39m | JSR-330 'javax.inject.Inject' annotation found and supported for autowiring
2020-04-13 17:39:57 | [34mINFO [0;39m | [1;33mmain[0;39m | [1;32morg.springframework.web.servlet.mvc.method.annotation.RequestMappingHandlerMapping[0;39m | Mapped "{[/poi],methods=[GET]}" onto public void com.example.demo.web.HelloController.test(javax.servlet.http.HttpServletResponse) throws java.io.IOException
2020-04-13 17:39:57 | [34mINFO [0;39m | [1;33mmain[0;39m | [1;32morg.springframework.web.servlet.mvc.method.annotation.RequestMappingHandlerMapping[0;39m | Mapped "{[/test],methods=[GET]}" onto public java.lang.String com.example.demo.web.HelloController.test()
2020-04-13 17:39:57 | [34mINFO [0;39m | [1;33mmain[0;39m | [1;32morg.springframework.web.servlet.mvc.method.annotation.RequestMappingHandlerMapping[0;39m | Mapped "{[/searchM3],methods=[GET]}" onto public com.example.demo.utils.Result com.example.demo.web.HelloController.hello2()
2020-04-13 17:39:57 | [34mINFO [0;39m | [1;33mmain[0;39m | [1;32morg.springframework.web.servlet.mvc.method.annotation.RequestMappingHandlerMapping[0;39m | Mapped "{[/search],methods=[GET]}" onto public java.util.List<com.example.demo.pojo.User> com.example.demo.web.HelloController.hello()
2020-04-13 17:39:57 | [34mINFO [0;39m | [1;33mmain[0;39m | [1;32morg.springframework.web.servlet.mvc.method.annotation.RequestMappingHandlerMapping[0;39m | Mapped "{[/searchM],methods=[GET]}" onto public com.example.demo.utils.Result<java.util.List<com.example.demo.pojo.User>> com.example.demo.web.HelloController.hello1()
2020-04-13 17:39:57 | [34mINFO [0;39m | [1;33mmain[0;39m | [1;32morg.springframework.web.servlet.mvc.method.annotation.RequestMappingHandlerMapping[0;39m | Mapped "{[/calculatePrice],methods=[GET]}" onto public java.math.BigDecimal com.example.demo.web.HelloController.calculatePrice(java.lang.String)
2020-04-13 17:39:57 | [34mINFO [0;39m | [1;33mmain[0;39m | [1;32morg.springframework.web.servlet.mvc.method.annotation.RequestMappingHandlerMapping[0;39m | Mapped "{[/insertuser],methods=[POST]}" onto public com.example.demo.utils.Result com.example.demo.web.HelloController.insertuser(com.example.demo.web.RequestData)
2020-04-13 17:39:57 | [34mINFO [0;39m | [1;33mmain[0;39m | [1;32morg.springframework.web.servlet.mvc.method.annotation.RequestMappingHandlerMapping[0;39m | Mapped "{[/fangqq],methods=[GET]}" onto public java.lang.String com.example.demo.web.HelloController.fangqq(javax.servlet.http.HttpServletResponse) throws java.io.IOException
2020-04-13 17:39:57 | [34mINFO [0;39m | [1;33mmain[0;39m | [1;32morg.springframework.web.servlet.mvc.method.annotation.RequestMappingHandlerMapping[0;39m | Mapped "{[/fang],methods=[POST]}" onto public java.lang.String com.example.demo.web.HelloController.fang(javax.servlet.http.HttpServletResponse,java.lang.String)
2020-04-13 17:39:57 | [34mINFO [0;39m | [1;33mmain[0;39m | [1;32morg.springframework.web.servlet.mvc.method.annotation.RequestMappingHandlerMapping[0;39m | Mapped "{[/user/lock],methods=[GET]}" onto public com.example.demo.utils.Result com.example.demo.web.UserController.lock() throws java.lang.reflect.InvocationTargetException,java.lang.IllegalAccessException
2020-04-13 17:39:57 | [34mINFO [0;39m | [1;33mmain[0;39m | [1;32morg.springframework.web.servlet.mvc.method.annotation.RequestMappingHandlerMapping[0;39m | Mapped "{[/user/unLock],methods=[GET]}" onto public com.example.demo.utils.Result com.example.demo.web.UserController.unLock(java.lang.Integer)
2020-04-13 17:39:57 | [34mINFO [0;39m | [1;33mmain[0;39m | [1;32morg.springframework.web.servlet.mvc.method.annotation.RequestMappingHandlerMapping[0;39m | Mapped "{[/user/isunLock],methods=[GET]}" onto public com.example.demo.utils.Result com.example.demo.web.UserController.isunLock(java.lang.Integer)
2020-04-13 17:39:57 | [34mINFO [0;39m | [1;33mmain[0;39m | [1;32morg.springframework.web.servlet.mvc.method.annotation.RequestMappingHandlerMapping[0;39m | Mapped "{[/wxmb/sendmsg],methods=[POST]}" onto public void com.example.demo.wx.moban.controller.WxMobanController.sendMsg(java.util.HashMap<java.lang.String, java.lang.Object>)
2020-04-13 17:39:57 | [34mINFO [0;39m | [1;33mmain[0;39m | [1;32morg.springframework.web.servlet.mvc.method.annotation.RequestMappingHandlerMapping[0;39m | Mapped "{[/swagger-resources/configuration/ui]}" onto public org.springframework.http.ResponseEntity<springfox.documentation.swagger.web.UiConfiguration> springfox.documentation.swagger.web.ApiResourceController.uiConfiguration()
2020-04-13 17:39:57 | [34mINFO [0;39m | [1;33mmain[0;39m | [1;32morg.springframework.web.servlet.mvc.method.annotation.RequestMappingHandlerMapping[0;39m | Mapped "{[/swagger-resources]}" onto public org.springframework.http.ResponseEntity<java.util.List<springfox.documentation.swagger.web.SwaggerResource>> springfox.documentation.swagger.web.ApiResourceController.swaggerResources()
2020-04-13 17:39:57 | [34mINFO [0;39m | [1;33mmain[0;39m | [1;32morg.springframework.web.servlet.mvc.method.annotation.RequestMappingHandlerMapping[0;39m | Mapped "{[/swagger-resources/configuration/security]}" onto public org.springframework.http.ResponseEntity<springfox.documentation.swagger.web.SecurityConfiguration> springfox.documentation.swagger.web.ApiResourceController.securityConfiguration()
2020-04-13 17:39:57 | [34mINFO [0;39m | [1;33mmain[0;39m | [1;32morg.springframework.web.servlet.mvc.method.annotation.RequestMappingHandlerMapping[0;39m | Mapped "{[/error]}" onto public org.springframework.http.ResponseEntity<java.util.Map<java.lang.String, java.lang.Object>> org.springframework.boot.autoconfigure.web.servlet.error.BasicErrorController.error(javax.servlet.http.HttpServletRequest)
2020-04-13 17:39:57 | [34mINFO [0;39m | [1;33mmain[0;39m | [1;32morg.springframework.web.servlet.mvc.method.annotation.RequestMappingHandlerMapping[0;39m | Mapped "{[/error],produces=[text/html]}" onto public org.springframework.web.servlet.ModelAndView org.springframework.boot.autoconfigure.web.servlet.error.BasicErrorController.errorHtml(javax.servlet.http.HttpServletRequest,javax.servlet.http.HttpServletResponse)
2020-04-13 17:39:59 | [31mWARN [0;39m | [1;33mmain[0;39m | [1;32mcom.netflix.config.sources.URLConfigurationSource[0;39m | No URLs will be polled as dynamic configuration sources.
2020-04-13 17:39:59 | [34mINFO [0;39m | [1;33mmain[0;39m | [1;32mcom.netflix.config.sources.URLConfigurationSource[0;39m | To enable URLs as dynamic configuration sources, define System property archaius.configurationSource.additionalUrls or make config.properties available on classpath.
2020-04-13 17:39:59 | [34mINFO [0;39m | [1;33mmain[0;39m | [1;32mcom.netflix.config.DynamicPropertyFactory[0;39m | DynamicPropertyFactory is initialized with configuration sources: com.netflix.config.ConcurrentCompositeConfiguration@76a86677
2020-04-13 17:39:59 | [34mINFO [0;39m | [1;33mmain[0;39m | [1;32morg.springframework.boot.actuate.endpoint.web.EndpointLinksResolver[0;39m | Exposing 2 endpoint(s) beneath base path '/actuator'
2020-04-13 17:39:59 | [34mINFO [0;39m | [1;33mmain[0;39m | [1;32morg.springframework.boot.actuate.endpoint.web.servlet.WebMvcEndpointHandlerMapping[0;39m | Mapped "{[/actuator/health],methods=[GET],produces=[application/vnd.spring-boot.actuator.v2+json || application/json]}" onto public java.lang.Object org.springframework.boot.actuate.endpoint.web.servlet.AbstractWebMvcEndpointHandlerMapping$OperationHandler.handle(javax.servlet.http.HttpServletRequest,java.util.Map<java.lang.String, java.lang.String>)
2020-04-13 17:39:59 | [34mINFO [0;39m | [1;33mmain[0;39m | [1;32morg.springframework.boot.actuate.endpoint.web.servlet.WebMvcEndpointHandlerMapping[0;39m | Mapped "{[/actuator/info],methods=[GET],produces=[application/vnd.spring-boot.actuator.v2+json || application/json]}" onto public java.lang.Object org.springframework.boot.actuate.endpoint.web.servlet.AbstractWebMvcEndpointHandlerMapping$OperationHandler.handle(javax.servlet.http.HttpServletRequest,java.util.Map<java.lang.String, java.lang.String>)
2020-04-13 17:39:59 | [34mINFO [0;39m | [1;33mmain[0;39m | [1;32morg.springframework.boot.actuate.endpoint.web.servlet.WebMvcEndpointHandlerMapping[0;39m | Mapped "{[/actuator],methods=[GET],produces=[application/vnd.spring-boot.actuator.v2+json || application/json]}" onto protected java.util.Map<java.lang.String, java.util.Map<java.lang.String, org.springframework.boot.actuate.endpoint.web.Link>> org.springframework.boot.actuate.endpoint.web.servlet.WebMvcEndpointHandlerMapping.links(javax.servlet.http.HttpServletRequest,javax.servlet.http.HttpServletResponse)
2020-04-13 17:39:59 | [34mINFO [0;39m | [1;33mmain[0;39m | [1;32mspringfox.documentation.spring.web.PropertySourcedRequestMappingHandlerMapping[0;39m | Mapped URL path [/v2/api-docs] onto method [public org.springframework.http.ResponseEntity<springfox.documentation.spring.web.json.Json> springfox.documentation.swagger2.web.Swagger2Controller.getDocumentation(java.lang.String,javax.servlet.http.HttpServletRequest)]
2020-04-13 17:40:00 | [31mWARN [0;39m | [1;33mmain[0;39m | [1;32mcom.netflix.config.sources.URLConfigurationSource[0;39m | No URLs will be polled as dynamic configuration sources.
2020-04-13 17:40:00 | [34mINFO [0;39m | [1;33mmain[0;39m | [1;32mcom.netflix.config.sources.URLConfigurationSource[0;39m | To enable URLs as dynamic configuration sources, define System property archaius.configurationSource.additionalUrls or make config.properties available on classpath.
2020-04-13 17:40:00 | [34mINFO [0;39m | [1;33mmain[0;39m | [1;32morg.springframework.web.servlet.handler.SimpleUrlHandlerMapping[0;39m | Mapped URL path [/**/favicon.ico] onto handler of type [class org.springframework.web.servlet.resource.ResourceHttpRequestHandler]
2020-04-13 17:40:00 | [34mINFO [0;39m | [1;33mmain[0;39m | [1;32morg.springframework.web.servlet.mvc.method.annotation.RequestMappingHandlerAdapter[0;39m | Looking for @ControllerAdvice: org.springframework.web.context.support.GenericWebApplicationContext@701bc94e: startup date [Mon Apr 13 17:39:51 CST 2020]; parent: org.springframework.context.annotation.AnnotationConfigApplicationContext@588ab592
2020-04-13 17:40:00 | [34mINFO [0;39m | [1;33mmain[0;39m | [1;32morg.springframework.web.servlet.handler.SimpleUrlHandlerMapping[0;39m | Mapped URL path [/webjars/**] onto handler of type [class org.springframework.web.servlet.resource.ResourceHttpRequestHandler]
2020-04-13 17:40:00 | [34mINFO [0;39m | [1;33mmain[0;39m | [1;32morg.springframework.web.servlet.handler.SimpleUrlHandlerMapping[0;39m | Mapped URL path [/**] onto handler of type [class org.springframework.web.servlet.resource.ResourceHttpRequestHandler]
2020-04-13 17:40:00 | [34mINFO [0;39m | [1;33mmain[0;39m | [1;32morg.springframework.web.servlet.mvc.method.annotation.ExceptionHandlerExceptionResolver[0;39m | Detected @ExceptionHandler methods in globalExceptionHandler
2020-04-13 17:40:00 | [34mINFO [0;39m | [1;33mmain[0;39m | [1;32mtk.mybatis.mapper.autoconfigure.MapperCacheDisabler[0;39m | Clear tk.mybatis.mapper.util.MsUtil CLASS_CACHE cache.
2020-04-13 17:40:00 | [34mINFO [0;39m | [1;33mmain[0;39m | [1;32mtk.mybatis.mapper.autoconfigure.MapperCacheDisabler[0;39m | Clear tk.mybatis.mapper.genid.GenIdUtil CACHE cache.
2020-04-13 17:40:00 | [34mINFO [0;39m | [1;33mmain[0;39m | [1;32mtk.mybatis.mapper.autoconfigure.MapperCacheDisabler[0;39m | Clear tk.mybatis.mapper.version.VersionUtil CACHE cache.
2020-04-13 17:40:00 | [34mINFO [0;39m | [1;33mmain[0;39m | [1;32mtk.mybatis.mapper.autoconfigure.MapperCacheDisabler[0;39m | Clear EntityHelper entityTableMap cache.
2020-04-13 17:40:02 | [34mINFO [0;39m | [1;33mmain[0;39m | [1;32morg.springframework.context.support.DefaultLifecycleProcessor[0;39m | Starting beans in phase 0
2020-04-13 17:40:02 | [34mINFO [0;39m | [1;33mmain[0;39m | [1;32morg.springframework.context.support.DefaultLifecycleProcessor[0;39m | Starting beans in phase 2147483647
2020-04-13 17:40:02 | [34mINFO [0;39m | [1;33mmain[0;39m | [1;32mspringfox.documentation.spring.web.plugins.DocumentationPluginsBootstrapper[0;39m | Context refreshed
2020-04-13 17:40:02 | [34mINFO [0;39m | [1;33mmain[0;39m | [1;32mspringfox.documentation.spring.web.plugins.DocumentationPluginsBootstrapper[0;39m | Found 1 custom documentation plugin(s)
2020-04-13 17:40:02 | [34mINFO [0;39m | [1;33mmain[0;39m | [1;32mspringfox.documentation.spring.web.scanners.ApiListingReferenceScanner[0;39m | Scanning for api listing references
2020-04-13 17:40:02 | [34mINFO [0;39m | [1;33mmain[0;39m | [1;32mspringfox.documentation.spring.web.readers.operation.CachingOperationNameGenerator[0;39m | Generating unique operation named: testUsingGET_1
2020-04-13 17:40:02 | [34mINFO [0;39m | [1;33mmain[0;39m | [1;32mspringfox.documentation.spring.web.readers.operation.CachingOperationNameGenerator[0;39m | Generating unique operation named: handleUsingGET_1
2020-04-13 17:40:02 | [34mINFO [0;39m | [1;33mwxSimpleMessageListenerContainer-1[0;39m | [1;32morg.springframework.amqp.rabbit.connection.CachingConnectionFactory[0;39m | Attempting to connect to: 127.0.0.1:5672
2020-04-13 17:40:02 | [34mINFO [0;39m | [1;33mwxSimpleMessageListenerContainer-1[0;39m | [1;32morg.springframework.amqp.rabbit.connection.CachingConnectionFactory[0;39m | Created new connection: firstConnectionFactory#1afa048a:0/SimpleConnection@4f466765 [delegate=amqp://guest@127.0.0.1:5672/, localPort= 60202]
2020-04-13 17:40:02 | [34mINFO [0;39m | [1;33mSimpleAsyncTaskExecutor-1[0;39m | [1;32morg.springframework.amqp.rabbit.connection.CachingConnectionFactory[0;39m | Attempting to connect to: 127.0.0.1:5672
2020-04-13 17:40:02 | [34mINFO [0;39m | [1;33mSimpleAsyncTaskExecutor-1[0;39m | [1;32morg.springframework.amqp.rabbit.connection.CachingConnectionFactory[0;39m | Created new connection: secondConnectionFactory#578c99ac:0/SimpleConnection@6680b9f1 [delegate=amqp://guest@127.0.0.1:5672/, localPort= 60203]
2020-04-13 17:40:02 | [34mINFO [0;39m | [1;33mmain[0;39m | [1;32mcom.example.demo.rabbitmq.RabbitmqMuilterTest[0;39m | Started RabbitmqMuilterTest in 12.008 seconds (JVM running for 13.252)
2020-04-13 17:40:02 | [34mINFO [0;39m | [1;33mThread-9[0;39m | [1;32morg.springframework.web.context.support.GenericWebApplicationContext[0;39m | Closing org.springframework.web.context.support.GenericWebApplicationContext@701bc94e: startup date [Mon Apr 13 17:39:51 CST 2020]; parent: org.springframework.context.annotation.AnnotationConfigApplicationContext@588ab592
2020-04-13 17:40:02 | [34mINFO [0;39m | [1;33mThread-9[0;39m | [1;32morg.springframework.cloud.netflix.eureka.InstanceInfoFactory[0;39m | Setting initial instance status as: STARTING
2020-04-13 17:40:02 | [34mINFO [0;39m | [1;33mThread-9[0;39m | [1;32morg.springframework.cloud.netflix.eureka.serviceregistry.EurekaServiceRegistry[0;39m | Unregistering application tensquare-friend with eureka with status DOWN
2020-04-13 17:40:02 | [34mINFO [0;39m | [1;33mThread-9[0;39m | [1;32morg.springframework.context.support.DefaultLifecycleProcessor[0;39m | Stopping beans in phase 2147483647
2020-04-13 17:40:02 | [34mINFO [0;39m | [1;33mThread-9[0;39m | [1;32morg.springframework.amqp.rabbit.listener.SimpleMessageListenerContainer[0;39m | Waiting for workers to finish.
2020-04-13 17:40:03 | [34mINFO [0;39m | [1;33mThread-9[0;39m | [1;32morg.springframework.amqp.rabbit.listener.SimpleMessageListenerContainer[0;39m | Successfully waited for workers to finish.
2020-04-13 17:40:03 | [34mINFO [0;39m | [1;33mThread-9[0;39m | [1;32morg.springframework.amqp.rabbit.listener.SimpleMessageListenerContainer[0;39m | Waiting for workers to finish.
2020-04-13 17:40:03 | [34mINFO [0;39m | [1;33mThread-9[0;39m | [1;32morg.springframework.amqp.rabbit.listener.SimpleMessageListenerContainer[0;39m | Successfully waited for workers to finish.
2020-04-13 17:40:03 | [34mINFO [0;39m | [1;33mThread-9[0;39m | [1;32morg.springframework.amqp.rabbit.listener.SimpleMessageListenerContainer[0;39m | Waiting for workers to finish.
2020-04-13 17:40:04 | [34mINFO [0;39m | [1;33mThread-9[0;39m | [1;32morg.springframework.amqp.rabbit.listener.SimpleMessageListenerContainer[0;39m | Successfully waited for workers to finish.
2020-04-13 17:40:04 | [34mINFO [0;39m | [1;33mThread-9[0;39m | [1;32morg.springframework.context.support.DefaultLifecycleProcessor[0;39m | Stopping beans in phase 0
2020-04-13 17:40:04 | [31mWARN [0;39m | [1;33mThread-9[0;39m | [1;32morg.springframework.beans.factory.support.DisposableBeanAdapter[0;39m | Destroy method 'close' on bean with name 'jCacheCacheManager' threw an exception: java.lang.NullPointerException
2020-04-13 17:40:04 | [34mINFO [0;39m | [1;33mThread-9[0;39m | [1;32morg.springframework.amqp.rabbit.listener.SimpleMessageListenerContainer[0;39m | Shutdown ignored - container is not active already
2020-04-13 17:40:04 | [34mINFO [0;39m | [1;33mThread-9[0;39m | [1;32mcom.netflix.discovery.DiscoveryClient[0;39m | Initializing Eureka in region us-east-1
2020-04-13 17:40:04 | [34mINFO [0;39m | [1;33mThread-9[0;39m | [1;32mcom.netflix.discovery.provider.DiscoveryJerseyProvider[0;39m | Using JSON encoding codec LegacyJacksonJson
2020-04-13 17:40:04 | [34mINFO [0;39m | [1;33mThread-9[0;39m | [1;32mcom.netflix.discovery.provider.DiscoveryJerseyProvider[0;39m | Using JSON decoding codec LegacyJacksonJson
2020-04-13 17:40:05 | [34mINFO [0;39m | [1;33mThread-9[0;39m | [1;32mcom.netflix.discovery.provider.DiscoveryJerseyProvider[0;39m | Using XML encoding codec XStreamXml
2020-04-13 17:40:05 | [34mINFO [0;39m | [1;33mThread-9[0;39m | [1;32mcom.netflix.discovery.provider.DiscoveryJerseyProvider[0;39m | Using XML decoding codec XStreamXml
2020-04-13 17:40:05 | [34mINFO [0;39m | [1;33mThread-9[0;39m | [1;32mcom.netflix.discovery.shared.resolver.aws.ConfigClusterResolver[0;39m | Resolving eureka endpoints via configuration
2020-04-13 17:40:05 | [34mINFO [0;39m | [1;33mThread-9[0;39m | [1;32mcom.netflix.discovery.DiscoveryClient[0;39m | Disable delta property : false
2020-04-13 17:40:05 | [34mINFO [0;39m | [1;33mThread-9[0;39m | [1;32mcom.netflix.discovery.DiscoveryClient[0;39m | Single vip registry refresh property : null
2020-04-13 17:40:05 | [34mINFO [0;39m | [1;33mThread-9[0;39m | [1;32mcom.netflix.discovery.DiscoveryClient[0;39m | Force full registry fetch : false
2020-04-13 17:40:05 | [34mINFO [0;39m | [1;33mThread-9[0;39m | [1;32mcom.netflix.discovery.DiscoveryClient[0;39m | Application is null : false
2020-04-13 17:40:05 | [34mINFO [0;39m | [1;33mThread-9[0;39m | [1;32mcom.netflix.discovery.DiscoveryClient[0;39m | Registered Applications size is zero : true
2020-04-13 17:40:05 | [34mINFO [0;39m | [1;33mThread-9[0;39m | [1;32mcom.netflix.discovery.DiscoveryClient[0;39m | Application version is -1: true
2020-04-13 17:40:05 | [34mINFO [0;39m | [1;33mThread-9[0;39m | [1;32mcom.netflix.discovery.DiscoveryClient[0;39m | Getting all instance registry info from the eureka server
2020-04-13 17:40:05 | [34mINFO [0;39m | [1;33mThread-9[0;39m | [1;32mcom.netflix.discovery.DiscoveryClient[0;39m | The response status is 200
2020-04-13 17:40:05 | [34mINFO [0;39m | [1;33mThread-9[0;39m | [1;32mcom.netflix.discovery.DiscoveryClient[0;39m | Starting heartbeat executor: renew interval is: 5
2020-04-13 17:40:05 | [34mINFO [0;39m | [1;33mThread-9[0;39m | [1;32mcom.netflix.discovery.InstanceInfoReplicator[0;39m | InstanceInfoReplicator onDemand update allowed rate per min is 4
2020-04-13 17:40:05 | [34mINFO [0;39m | [1;33mThread-9[0;39m | [1;32mcom.netflix.discovery.DiscoveryClient[0;39m | Discovery Client initialized at timestamp 1586770805590 with initial instances count: 1
2020-04-13 17:40:05 | [34mINFO [0;39m | [1;33mThread-9[0;39m | [1;32mcom.netflix.discovery.DiscoveryClient[0;39m | Shutting down DiscoveryClient ...
2020-04-13 17:40:08 | [34mINFO [0;39m | [1;33mThread-9[0;39m | [1;32mcom.netflix.discovery.DiscoveryClient[0;39m | Unregistering ...
2020-04-13 17:40:08 | [34mINFO [0;39m | [1;33mThread-9[0;39m | [1;32mcom.netflix.discovery.DiscoveryClient[0;39m | DiscoveryClient_TENSQUARE-FRIEND/WIN-RMNCVCE7I3E:tensquare-friend:-1 - deregister  status: 404
2020-04-13 17:40:08 | [34mINFO [0;39m | [1;33mThread-9[0;39m | [1;32mcom.netflix.discovery.DiscoveryClient[0;39m | Completed shut down of DiscoveryClient
2020-04-13 17:40:08 | [34mINFO [0;39m | [1;33mThread-9[0;39m | [1;32morg.springframework.amqp.rabbit.listener.SimpleMessageListenerContainer[0;39m | Shutdown ignored - container is not active already
2020-04-13 17:40:08 | [34mINFO [0;39m | [1;33mThread-9[0;39m | [1;32morg.springframework.amqp.rabbit.listener.SimpleMessageListenerContainer[0;39m | Shutdown ignored - container is not active already
2020-04-13 17:40:08 | [34mINFO [0;39m | [1;33mThread-9[0;39m | [1;32morg.springframework.context.annotation.AnnotationConfigApplicationContext[0;39m | Closing FeignContext-tensquare-base: startup date [Mon Apr 13 17:39:56 CST 2020]; parent: org.springframework.web.context.support.GenericWebApplicationContext@701bc94e
2020-04-13 17:40:08 | [31mWARN [0;39m | [1;33mThread-9[0;39m | [1;32morg.springframework.context.annotation.AnnotationConfigApplicationContext[0;39m | Exception thrown from ApplicationListener handling ContextClosedEvent
org.springframework.beans.factory.BeanCreationNotAllowedException: Error creating bean with name 'eurekaAutoServiceRegistration': Singleton bean creation not allowed while singletons of this factory are in destruction (Do not request a bean from a BeanFactory in a destroy method implementation!)
	at org.springframework.beans.factory.support.DefaultSingletonBeanRegistry.getSingleton(DefaultSingletonBeanRegistry.java:208)
	at org.springframework.beans.factory.support.AbstractBeanFactory.doGetBean(AbstractBeanFactory.java:315)
	at org.springframework.beans.factory.support.AbstractBeanFactory.getBean(AbstractBeanFactory.java:199)
	at org.springframework.context.support.AbstractApplicationContext.getBean(AbstractApplicationContext.java:1089)
	at org.springframework.context.event.ApplicationListenerMethodAdapter.getTargetBean(ApplicationListenerMethodAdapter.java:288)
	at org.springframework.context.event.ApplicationListenerMethodAdapter.doInvoke(ApplicationListenerMethodAdapter.java:258)
	at org.springframework.context.event.ApplicationListenerMethodAdapter.processEvent(ApplicationListenerMethodAdapter.java:180)
	at org.springframework.context.event.ApplicationListenerMethodAdapter.onApplicationEvent(ApplicationListenerMethodAdapter.java:142)
	at org.springframework.context.event.SimpleApplicationEventMulticaster.doInvokeListener(SimpleApplicationEventMulticaster.java:172)
	at org.springframework.context.event.SimpleApplicationEventMulticaster.invokeListener(SimpleApplicationEventMulticaster.java:165)
	at org.springframework.context.event.SimpleApplicationEventMulticaster.multicastEvent(SimpleApplicationEventMulticaster.java:139)
	at org.springframework.context.support.AbstractApplicationContext.publishEvent(AbstractApplicationContext.java:400)
	at org.springframework.context.support.AbstractApplicationContext.publishEvent(AbstractApplicationContext.java:406)
	at org.springframework.context.support.AbstractApplicationContext.publishEvent(AbstractApplicationContext.java:354)
	at org.springframework.context.support.AbstractApplicationContext.doClose(AbstractApplicationContext.java:1000)
	at org.springframework.context.support.AbstractApplicationContext.close(AbstractApplicationContext.java:967)
	at org.springframework.cloud.context.named.NamedContextFactory.destroy(NamedContextFactory.java:76)
	at org.springframework.beans.factory.support.DisposableBeanAdapter.destroy(DisposableBeanAdapter.java:256)
	at org.springframework.beans.factory.support.DefaultSingletonBeanRegistry.destroyBean(DefaultSingletonBeanRegistry.java:571)
	at org.springframework.beans.factory.support.DefaultSingletonBeanRegistry.destroySingleton(DefaultSingletonBeanRegistry.java:543)
	at org.springframework.beans.factory.support.DefaultListableBeanFactory.destroySingleton(DefaultListableBeanFactory.java:954)
	at org.springframework.beans.factory.support.DefaultSingletonBeanRegistry.destroySingletons(DefaultSingletonBeanRegistry.java:504)
	at org.springframework.beans.factory.support.DefaultListableBeanFactory.destroySingletons(DefaultListableBeanFactory.java:961)
	at org.springframework.context.support.AbstractApplicationContext.destroyBeans(AbstractApplicationContext.java:1041)
	at org.springframework.context.support.AbstractApplicationContext.doClose(AbstractApplicationContext.java:1017)
	at org.springframework.context.support.AbstractApplicationContext$1.run(AbstractApplicationContext.java:937)
2020-04-13 17:46:31 | [34mINFO [0;39m | [1;33mmain[0;39m | [1;32morg.springframework.context.annotation.AnnotationConfigApplicationContext[0;39m | Refreshing org.springframework.context.annotation.AnnotationConfigApplicationContext@106faf11: startup date [Mon Apr 13 17:46:31 CST 2020]; root of context hierarchy
2020-04-13 17:46:31 | [34mINFO [0;39m | [1;33mmain[0;39m | [1;32morg.springframework.beans.factory.annotation.AutowiredAnnotationBeanPostProcessor[0;39m | JSR-330 'javax.inject.Inject' annotation found and supported for autowiring
2020-04-13 17:46:31 | [34mINFO [0;39m | [1;33mmain[0;39m | [1;32morg.springframework.context.support.PostProcessorRegistrationDelegate$BeanPostProcessorChecker[0;39m | Bean 'configurationPropertiesRebinderAutoConfiguration' of type [org.springframework.cloud.autoconfigure.ConfigurationPropertiesRebinderAutoConfiguration$$EnhancerBySpringCGLIB$$b59c643b] is not eligible for getting processed by all BeanPostProcessors (for example: not eligible for auto-proxying)
2020-04-13 17:46:32 | [34mINFO [0;39m | [1;33mmain[0;39m | [1;32mcom.example.demo.rabbitmq.RabbitmqMuilterTest[0;39m | No active profile set, falling back to default profiles: default
2020-04-13 17:46:32 | [34mINFO [0;39m | [1;33mmain[0;39m | [1;32morg.springframework.web.context.support.GenericWebApplicationContext[0;39m | Refreshing org.springframework.web.context.support.GenericWebApplicationContext@760cf594: startup date [Mon Apr 13 17:46:32 CST 2020]; parent: org.springframework.context.annotation.AnnotationConfigApplicationContext@106faf11
2020-04-13 17:46:33 | [31mWARN [0;39m | [1;33mmain[0;39m | [1;32morg.mybatis.spring.mapper.ClassPathMapperScanner[0;39m | Skipping MapperFactoryBean with name 'brokerMessageLogMapper' and 'com.example.demo.mapper.BrokerMessageLogMapper' mapperInterface. Bean already defined with the same name!
2020-04-13 17:46:33 | [31mWARN [0;39m | [1;33mmain[0;39m | [1;32morg.mybatis.spring.mapper.ClassPathMapperScanner[0;39m | Skipping MapperFactoryBean with name 'orderMapper' and 'com.example.demo.mapper.OrderMapper' mapperInterface. Bean already defined with the same name!
2020-04-13 17:46:33 | [31mWARN [0;39m | [1;33mmain[0;39m | [1;32morg.mybatis.spring.mapper.ClassPathMapperScanner[0;39m | Skipping MapperFactoryBean with name 'userMapper' and 'com.example.demo.mapper.UserMapper' mapperInterface. Bean already defined with the same name!
2020-04-13 17:46:33 | [31mWARN [0;39m | [1;33mmain[0;39m | [1;32morg.mybatis.spring.mapper.ClassPathMapperScanner[0;39m | No MyBatis mapper was found in '[com.example.demo]' package. Please check your configuration.
2020-04-13 17:46:33 | [34mINFO [0;39m | [1;33mmain[0;39m | [1;32morg.springframework.data.repository.config.RepositoryConfigurationDelegate[0;39m | Multiple Spring Data modules found, entering strict repository configuration mode!
2020-04-13 17:46:33 | [34mINFO [0;39m | [1;33mmain[0;39m | [1;32morg.springframework.cloud.context.scope.GenericScope[0;39m | BeanFactory id=69ae7d68-0334-375c-b610-5471790f06c4
2020-04-13 17:46:34 | [34mINFO [0;39m | [1;33mmain[0;39m | [1;32morg.springframework.beans.factory.annotation.AutowiredAnnotationBeanPostProcessor[0;39m | JSR-330 'javax.inject.Inject' annotation found and supported for autowiring
2020-04-13 17:46:34 | [34mINFO [0;39m | [1;33mmain[0;39m | [1;32morg.springframework.context.support.PostProcessorRegistrationDelegate$BeanPostProcessorChecker[0;39m | Bean 'asyncConfig' of type [com.example.demo.web.AsyncConfig$$EnhancerBySpringCGLIB$$bc4fe4d] is not eligible for getting processed by all BeanPostProcessors (for example: not eligible for auto-proxying)
2020-04-13 17:46:34 | [34mINFO [0;39m | [1;33mmain[0;39m | [1;32morg.springframework.scheduling.concurrent.ThreadPoolTaskExecutor[0;39m | Initializing ExecutorService 
2020-04-13 17:46:34 | [34mINFO [0;39m | [1;33mmain[0;39m | [1;32morg.springframework.context.support.PostProcessorRegistrationDelegate$BeanPostProcessorChecker[0;39m | Bean 'org.springframework.amqp.rabbit.annotation.RabbitBootstrapConfiguration' of type [org.springframework.amqp.rabbit.annotation.RabbitBootstrapConfiguration$$EnhancerBySpringCGLIB$$5fee1f6c] is not eligible for getting processed by all BeanPostProcessors (for example: not eligible for auto-proxying)
2020-04-13 17:46:34 | [34mINFO [0;39m | [1;33mmain[0;39m | [1;32morg.springframework.context.support.PostProcessorRegistrationDelegate$BeanPostProcessorChecker[0;39m | Bean 'org.springframework.transaction.annotation.ProxyTransactionManagementConfiguration' of type [org.springframework.transaction.annotation.ProxyTransactionManagementConfiguration$$EnhancerBySpringCGLIB$$9982613e] is not eligible for getting processed by all BeanPostProcessors (for example: not eligible for auto-proxying)
2020-04-13 17:46:34 | [34mINFO [0;39m | [1;33mmain[0;39m | [1;32morg.springframework.context.support.PostProcessorRegistrationDelegate$BeanPostProcessorChecker[0;39m | Bean 'org.springframework.cloud.autoconfigure.ConfigurationPropertiesRebinderAutoConfiguration' of type [org.springframework.cloud.autoconfigure.ConfigurationPropertiesRebinderAutoConfiguration$$EnhancerBySpringCGLIB$$b59c643b] is not eligible for getting processed by all BeanPostProcessors (for example: not eligible for auto-proxying)
2020-04-13 17:46:35 | [34mINFO [0;39m | [1;33mmain[0;39m | [1;32mcom.alibaba.druid.pool.DruidDataSource[0;39m | {dataSource-1} inited
2020-04-13 17:46:35 | [34mINFO [0;39m | [1;33mmain[0;39m | [1;32mcom.alibaba.druid.pool.DruidDataSource[0;39m | {dataSource-2} inited
2020-04-13 17:46:35 | [34mINFO [0;39m | [1;33mmain[0;39m | [1;32mcom.alibaba.druid.pool.DruidDataSource[0;39m | {dataSource-3} inited
2020-04-13 17:46:35 | [34mINFO [0;39m | [1;33mmain[0;39m | [1;32mcom.alibaba.druid.pool.DruidDataSource[0;39m | {dataSource-4} inited
2020-04-13 17:46:35 | [34mINFO [0;39m | [1;33mmain[0;39m | [1;32morg.redisson.Version[0;39m | Redisson 3.5.7
2020-04-13 17:46:35 | [34mINFO [0;39m | [1;33mredisson-netty-1-1[0;39m | [1;32morg.redisson.connection.pool.MasterPubSubConnectionPool[0;39m | 1 connections initialized for /127.0.0.1:6379
2020-04-13 17:46:35 | [34mINFO [0;39m | [1;33mredisson-netty-1-18[0;39m | [1;32morg.redisson.connection.pool.MasterConnectionPool[0;39m | 10 connections initialized for /127.0.0.1:6379
2020-04-13 17:46:37 | [34mINFO [0;39m | [1;33mmain[0;39m | [1;32morg.springframework.context.annotation.AnnotationConfigApplicationContext[0;39m | Refreshing FeignContext-tensquare-base: startup date [Mon Apr 13 17:46:37 CST 2020]; parent: org.springframework.web.context.support.GenericWebApplicationContext@760cf594
2020-04-13 17:46:37 | [34mINFO [0;39m | [1;33mmain[0;39m | [1;32morg.springframework.beans.factory.annotation.AutowiredAnnotationBeanPostProcessor[0;39m | JSR-330 'javax.inject.Inject' annotation found and supported for autowiring
2020-04-13 17:46:38 | [34mINFO [0;39m | [1;33mmain[0;39m | [1;32morg.springframework.web.servlet.mvc.method.annotation.RequestMappingHandlerMapping[0;39m | Mapped "{[/test],methods=[GET]}" onto public java.lang.String com.example.demo.web.HelloController.test()
2020-04-13 17:46:38 | [34mINFO [0;39m | [1;33mmain[0;39m | [1;32morg.springframework.web.servlet.mvc.method.annotation.RequestMappingHandlerMapping[0;39m | Mapped "{[/poi],methods=[GET]}" onto public void com.example.demo.web.HelloController.test(javax.servlet.http.HttpServletResponse) throws java.io.IOException
2020-04-13 17:46:38 | [34mINFO [0;39m | [1;33mmain[0;39m | [1;32morg.springframework.web.servlet.mvc.method.annotation.RequestMappingHandlerMapping[0;39m | Mapped "{[/searchM],methods=[GET]}" onto public com.example.demo.utils.Result<java.util.List<com.example.demo.pojo.User>> com.example.demo.web.HelloController.hello1()
2020-04-13 17:46:38 | [34mINFO [0;39m | [1;33mmain[0;39m | [1;32morg.springframework.web.servlet.mvc.method.annotation.RequestMappingHandlerMapping[0;39m | Mapped "{[/search],methods=[GET]}" onto public java.util.List<com.example.demo.pojo.User> com.example.demo.web.HelloController.hello()
2020-04-13 17:46:38 | [34mINFO [0;39m | [1;33mmain[0;39m | [1;32morg.springframework.web.servlet.mvc.method.annotation.RequestMappingHandlerMapping[0;39m | Mapped "{[/searchM3],methods=[GET]}" onto public com.example.demo.utils.Result com.example.demo.web.HelloController.hello2()
2020-04-13 17:46:38 | [34mINFO [0;39m | [1;33mmain[0;39m | [1;32morg.springframework.web.servlet.mvc.method.annotation.RequestMappingHandlerMapping[0;39m | Mapped "{[/calculatePrice],methods=[GET]}" onto public java.math.BigDecimal com.example.demo.web.HelloController.calculatePrice(java.lang.String)
2020-04-13 17:46:38 | [34mINFO [0;39m | [1;33mmain[0;39m | [1;32morg.springframework.web.servlet.mvc.method.annotation.RequestMappingHandlerMapping[0;39m | Mapped "{[/insertuser],methods=[POST]}" onto public com.example.demo.utils.Result com.example.demo.web.HelloController.insertuser(com.example.demo.web.RequestData)
2020-04-13 17:46:38 | [34mINFO [0;39m | [1;33mmain[0;39m | [1;32morg.springframework.web.servlet.mvc.method.annotation.RequestMappingHandlerMapping[0;39m | Mapped "{[/fang],methods=[POST]}" onto public java.lang.String com.example.demo.web.HelloController.fang(javax.servlet.http.HttpServletResponse,java.lang.String)
2020-04-13 17:46:38 | [34mINFO [0;39m | [1;33mmain[0;39m | [1;32morg.springframework.web.servlet.mvc.method.annotation.RequestMappingHandlerMapping[0;39m | Mapped "{[/fangqq],methods=[GET]}" onto public java.lang.String com.example.demo.web.HelloController.fangqq(javax.servlet.http.HttpServletResponse) throws java.io.IOException
2020-04-13 17:46:38 | [34mINFO [0;39m | [1;33mmain[0;39m | [1;32morg.springframework.web.servlet.mvc.method.annotation.RequestMappingHandlerMapping[0;39m | Mapped "{[/user/lock],methods=[GET]}" onto public com.example.demo.utils.Result com.example.demo.web.UserController.lock() throws java.lang.reflect.InvocationTargetException,java.lang.IllegalAccessException
2020-04-13 17:46:38 | [34mINFO [0;39m | [1;33mmain[0;39m | [1;32morg.springframework.web.servlet.mvc.method.annotation.RequestMappingHandlerMapping[0;39m | Mapped "{[/user/isunLock],methods=[GET]}" onto public com.example.demo.utils.Result com.example.demo.web.UserController.isunLock(java.lang.Integer)
2020-04-13 17:46:38 | [34mINFO [0;39m | [1;33mmain[0;39m | [1;32morg.springframework.web.servlet.mvc.method.annotation.RequestMappingHandlerMapping[0;39m | Mapped "{[/user/unLock],methods=[GET]}" onto public com.example.demo.utils.Result com.example.demo.web.UserController.unLock(java.lang.Integer)
2020-04-13 17:46:38 | [34mINFO [0;39m | [1;33mmain[0;39m | [1;32morg.springframework.web.servlet.mvc.method.annotation.RequestMappingHandlerMapping[0;39m | Mapped "{[/wxmb/sendmsg],methods=[POST]}" onto public void com.example.demo.wx.moban.controller.WxMobanController.sendMsg(java.util.HashMap<java.lang.String, java.lang.Object>)
2020-04-13 17:46:38 | [34mINFO [0;39m | [1;33mmain[0;39m | [1;32morg.springframework.web.servlet.mvc.method.annotation.RequestMappingHandlerMapping[0;39m | Mapped "{[/swagger-resources/configuration/security]}" onto public org.springframework.http.ResponseEntity<springfox.documentation.swagger.web.SecurityConfiguration> springfox.documentation.swagger.web.ApiResourceController.securityConfiguration()
2020-04-13 17:46:38 | [34mINFO [0;39m | [1;33mmain[0;39m | [1;32morg.springframework.web.servlet.mvc.method.annotation.RequestMappingHandlerMapping[0;39m | Mapped "{[/swagger-resources]}" onto public org.springframework.http.ResponseEntity<java.util.List<springfox.documentation.swagger.web.SwaggerResource>> springfox.documentation.swagger.web.ApiResourceController.swaggerResources()
2020-04-13 17:46:38 | [34mINFO [0;39m | [1;33mmain[0;39m | [1;32morg.springframework.web.servlet.mvc.method.annotation.RequestMappingHandlerMapping[0;39m | Mapped "{[/swagger-resources/configuration/ui]}" onto public org.springframework.http.ResponseEntity<springfox.documentation.swagger.web.UiConfiguration> springfox.documentation.swagger.web.ApiResourceController.uiConfiguration()
2020-04-13 17:46:38 | [34mINFO [0;39m | [1;33mmain[0;39m | [1;32morg.springframework.web.servlet.mvc.method.annotation.RequestMappingHandlerMapping[0;39m | Mapped "{[/error]}" onto public org.springframework.http.ResponseEntity<java.util.Map<java.lang.String, java.lang.Object>> org.springframework.boot.autoconfigure.web.servlet.error.BasicErrorController.error(javax.servlet.http.HttpServletRequest)
2020-04-13 17:46:38 | [34mINFO [0;39m | [1;33mmain[0;39m | [1;32morg.springframework.web.servlet.mvc.method.annotation.RequestMappingHandlerMapping[0;39m | Mapped "{[/error],produces=[text/html]}" onto public org.springframework.web.servlet.ModelAndView org.springframework.boot.autoconfigure.web.servlet.error.BasicErrorController.errorHtml(javax.servlet.http.HttpServletRequest,javax.servlet.http.HttpServletResponse)
2020-04-13 17:46:39 | [31mWARN [0;39m | [1;33mmain[0;39m | [1;32mcom.netflix.config.sources.URLConfigurationSource[0;39m | No URLs will be polled as dynamic configuration sources.
2020-04-13 17:46:39 | [34mINFO [0;39m | [1;33mmain[0;39m | [1;32mcom.netflix.config.sources.URLConfigurationSource[0;39m | To enable URLs as dynamic configuration sources, define System property archaius.configurationSource.additionalUrls or make config.properties available on classpath.
2020-04-13 17:46:39 | [34mINFO [0;39m | [1;33mmain[0;39m | [1;32mcom.netflix.config.DynamicPropertyFactory[0;39m | DynamicPropertyFactory is initialized with configuration sources: com.netflix.config.ConcurrentCompositeConfiguration@44b99467
2020-04-13 17:46:39 | [34mINFO [0;39m | [1;33mmain[0;39m | [1;32morg.springframework.boot.actuate.endpoint.web.EndpointLinksResolver[0;39m | Exposing 2 endpoint(s) beneath base path '/actuator'
2020-04-13 17:46:39 | [34mINFO [0;39m | [1;33mmain[0;39m | [1;32morg.springframework.boot.actuate.endpoint.web.servlet.WebMvcEndpointHandlerMapping[0;39m | Mapped "{[/actuator/health],methods=[GET],produces=[application/vnd.spring-boot.actuator.v2+json || application/json]}" onto public java.lang.Object org.springframework.boot.actuate.endpoint.web.servlet.AbstractWebMvcEndpointHandlerMapping$OperationHandler.handle(javax.servlet.http.HttpServletRequest,java.util.Map<java.lang.String, java.lang.String>)
2020-04-13 17:46:39 | [34mINFO [0;39m | [1;33mmain[0;39m | [1;32morg.springframework.boot.actuate.endpoint.web.servlet.WebMvcEndpointHandlerMapping[0;39m | Mapped "{[/actuator/info],methods=[GET],produces=[application/vnd.spring-boot.actuator.v2+json || application/json]}" onto public java.lang.Object org.springframework.boot.actuate.endpoint.web.servlet.AbstractWebMvcEndpointHandlerMapping$OperationHandler.handle(javax.servlet.http.HttpServletRequest,java.util.Map<java.lang.String, java.lang.String>)
2020-04-13 17:46:39 | [34mINFO [0;39m | [1;33mmain[0;39m | [1;32morg.springframework.boot.actuate.endpoint.web.servlet.WebMvcEndpointHandlerMapping[0;39m | Mapped "{[/actuator],methods=[GET],produces=[application/vnd.spring-boot.actuator.v2+json || application/json]}" onto protected java.util.Map<java.lang.String, java.util.Map<java.lang.String, org.springframework.boot.actuate.endpoint.web.Link>> org.springframework.boot.actuate.endpoint.web.servlet.WebMvcEndpointHandlerMapping.links(javax.servlet.http.HttpServletRequest,javax.servlet.http.HttpServletResponse)
2020-04-13 17:46:39 | [34mINFO [0;39m | [1;33mmain[0;39m | [1;32mspringfox.documentation.spring.web.PropertySourcedRequestMappingHandlerMapping[0;39m | Mapped URL path [/v2/api-docs] onto method [public org.springframework.http.ResponseEntity<springfox.documentation.spring.web.json.Json> springfox.documentation.swagger2.web.Swagger2Controller.getDocumentation(java.lang.String,javax.servlet.http.HttpServletRequest)]
2020-04-13 17:46:40 | [31mWARN [0;39m | [1;33mmain[0;39m | [1;32mcom.netflix.config.sources.URLConfigurationSource[0;39m | No URLs will be polled as dynamic configuration sources.
2020-04-13 17:46:40 | [34mINFO [0;39m | [1;33mmain[0;39m | [1;32mcom.netflix.config.sources.URLConfigurationSource[0;39m | To enable URLs as dynamic configuration sources, define System property archaius.configurationSource.additionalUrls or make config.properties available on classpath.
2020-04-13 17:46:40 | [34mINFO [0;39m | [1;33mmain[0;39m | [1;32morg.springframework.web.servlet.handler.SimpleUrlHandlerMapping[0;39m | Mapped URL path [/**/favicon.ico] onto handler of type [class org.springframework.web.servlet.resource.ResourceHttpRequestHandler]
2020-04-13 17:46:40 | [34mINFO [0;39m | [1;33mmain[0;39m | [1;32morg.springframework.web.servlet.mvc.method.annotation.RequestMappingHandlerAdapter[0;39m | Looking for @ControllerAdvice: org.springframework.web.context.support.GenericWebApplicationContext@760cf594: startup date [Mon Apr 13 17:46:32 CST 2020]; parent: org.springframework.context.annotation.AnnotationConfigApplicationContext@106faf11
2020-04-13 17:46:40 | [34mINFO [0;39m | [1;33mmain[0;39m | [1;32morg.springframework.web.servlet.handler.SimpleUrlHandlerMapping[0;39m | Mapped URL path [/webjars/**] onto handler of type [class org.springframework.web.servlet.resource.ResourceHttpRequestHandler]
2020-04-13 17:46:40 | [34mINFO [0;39m | [1;33mmain[0;39m | [1;32morg.springframework.web.servlet.handler.SimpleUrlHandlerMapping[0;39m | Mapped URL path [/**] onto handler of type [class org.springframework.web.servlet.resource.ResourceHttpRequestHandler]
2020-04-13 17:46:40 | [34mINFO [0;39m | [1;33mmain[0;39m | [1;32morg.springframework.web.servlet.mvc.method.annotation.ExceptionHandlerExceptionResolver[0;39m | Detected @ExceptionHandler methods in globalExceptionHandler
2020-04-13 17:46:40 | [34mINFO [0;39m | [1;33mmain[0;39m | [1;32mtk.mybatis.mapper.autoconfigure.MapperCacheDisabler[0;39m | Clear tk.mybatis.mapper.util.MsUtil CLASS_CACHE cache.
2020-04-13 17:46:40 | [34mINFO [0;39m | [1;33mmain[0;39m | [1;32mtk.mybatis.mapper.autoconfigure.MapperCacheDisabler[0;39m | Clear tk.mybatis.mapper.genid.GenIdUtil CACHE cache.
2020-04-13 17:46:40 | [34mINFO [0;39m | [1;33mmain[0;39m | [1;32mtk.mybatis.mapper.autoconfigure.MapperCacheDisabler[0;39m | Clear tk.mybatis.mapper.version.VersionUtil CACHE cache.
2020-04-13 17:46:40 | [34mINFO [0;39m | [1;33mmain[0;39m | [1;32mtk.mybatis.mapper.autoconfigure.MapperCacheDisabler[0;39m | Clear EntityHelper entityTableMap cache.
2020-04-13 17:46:42 | [34mINFO [0;39m | [1;33mmain[0;39m | [1;32morg.springframework.context.support.DefaultLifecycleProcessor[0;39m | Starting beans in phase 0
2020-04-13 17:46:42 | [34mINFO [0;39m | [1;33mmain[0;39m | [1;32morg.springframework.context.support.DefaultLifecycleProcessor[0;39m | Starting beans in phase 2147483647
2020-04-13 17:46:42 | [34mINFO [0;39m | [1;33mmain[0;39m | [1;32mspringfox.documentation.spring.web.plugins.DocumentationPluginsBootstrapper[0;39m | Context refreshed
2020-04-13 17:46:42 | [34mINFO [0;39m | [1;33mmain[0;39m | [1;32mspringfox.documentation.spring.web.plugins.DocumentationPluginsBootstrapper[0;39m | Found 1 custom documentation plugin(s)
2020-04-13 17:46:42 | [34mINFO [0;39m | [1;33mmain[0;39m | [1;32mspringfox.documentation.spring.web.scanners.ApiListingReferenceScanner[0;39m | Scanning for api listing references
2020-04-13 17:46:42 | [34mINFO [0;39m | [1;33mmain[0;39m | [1;32mspringfox.documentation.spring.web.readers.operation.CachingOperationNameGenerator[0;39m | Generating unique operation named: testUsingGET_1
2020-04-13 17:46:42 | [34mINFO [0;39m | [1;33mmain[0;39m | [1;32mspringfox.documentation.spring.web.readers.operation.CachingOperationNameGenerator[0;39m | Generating unique operation named: handleUsingGET_1
2020-04-13 17:46:42 | [34mINFO [0;39m | [1;33mwxSimpleMessageListenerContainer-1[0;39m | [1;32morg.springframework.amqp.rabbit.connection.CachingConnectionFactory[0;39m | Attempting to connect to: 127.0.0.1:5672
2020-04-13 17:46:42 | [34mINFO [0;39m | [1;33mwxSimpleMessageListenerContainer-1[0;39m | [1;32morg.springframework.amqp.rabbit.connection.CachingConnectionFactory[0;39m | Created new connection: firstConnectionFactory#6aa792:0/SimpleConnection@187ef188 [delegate=amqp://guest@127.0.0.1:5672/, localPort= 60417]
2020-04-13 17:46:42 | [34mINFO [0;39m | [1;33mSimpleAsyncTaskExecutor-1[0;39m | [1;32morg.springframework.amqp.rabbit.connection.CachingConnectionFactory[0;39m | Attempting to connect to: 127.0.0.1:5672
2020-04-13 17:46:42 | [34mINFO [0;39m | [1;33mSimpleAsyncTaskExecutor-1[0;39m | [1;32morg.springframework.amqp.rabbit.connection.CachingConnectionFactory[0;39m | Created new connection: secondConnectionFactory#23ee70a7:0/SimpleConnection@76b9ee24 [delegate=amqp://guest@127.0.0.1:5672/, localPort= 60418]
2020-04-13 17:46:42 | [34mINFO [0;39m | [1;33mmain[0;39m | [1;32mcom.example.demo.rabbitmq.RabbitmqMuilterTest[0;39m | Started RabbitmqMuilterTest in 12.015 seconds (JVM running for 13.323)
2020-04-13 17:46:42 | [34mINFO [0;39m | [1;33mThread-9[0;39m | [1;32morg.springframework.web.context.support.GenericWebApplicationContext[0;39m | Closing org.springframework.web.context.support.GenericWebApplicationContext@760cf594: startup date [Mon Apr 13 17:46:32 CST 2020]; parent: org.springframework.context.annotation.AnnotationConfigApplicationContext@106faf11
2020-04-13 17:46:42 | [34mINFO [0;39m | [1;33mThread-9[0;39m | [1;32morg.springframework.cloud.netflix.eureka.InstanceInfoFactory[0;39m | Setting initial instance status as: STARTING
2020-04-13 17:46:42 | [34mINFO [0;39m | [1;33mThread-9[0;39m | [1;32morg.springframework.cloud.netflix.eureka.serviceregistry.EurekaServiceRegistry[0;39m | Unregistering application tensquare-friend with eureka with status DOWN
2020-04-13 17:46:42 | [34mINFO [0;39m | [1;33mThread-9[0;39m | [1;32morg.springframework.context.support.DefaultLifecycleProcessor[0;39m | Stopping beans in phase 2147483647
2020-04-13 17:46:43 | [34mINFO [0;39m | [1;33mThread-9[0;39m | [1;32morg.springframework.amqp.rabbit.listener.SimpleMessageListenerContainer[0;39m | Waiting for workers to finish.
2020-04-13 17:46:43 | [34mINFO [0;39m | [1;33mThread-9[0;39m | [1;32morg.springframework.amqp.rabbit.listener.SimpleMessageListenerContainer[0;39m | Successfully waited for workers to finish.
2020-04-13 17:46:43 | [34mINFO [0;39m | [1;33mThread-9[0;39m | [1;32morg.springframework.amqp.rabbit.listener.SimpleMessageListenerContainer[0;39m | Waiting for workers to finish.
2020-04-13 17:46:43 | [34mINFO [0;39m | [1;33mThread-9[0;39m | [1;32morg.springframework.amqp.rabbit.listener.SimpleMessageListenerContainer[0;39m | Successfully waited for workers to finish.
2020-04-13 17:46:43 | [34mINFO [0;39m | [1;33mThread-9[0;39m | [1;32morg.springframework.amqp.rabbit.listener.SimpleMessageListenerContainer[0;39m | Waiting for workers to finish.
2020-04-13 17:46:44 | [34mINFO [0;39m | [1;33mThread-9[0;39m | [1;32morg.springframework.amqp.rabbit.listener.SimpleMessageListenerContainer[0;39m | Successfully waited for workers to finish.
2020-04-13 17:46:44 | [34mINFO [0;39m | [1;33mThread-9[0;39m | [1;32morg.springframework.context.support.DefaultLifecycleProcessor[0;39m | Stopping beans in phase 0
2020-04-13 17:46:44 | [31mWARN [0;39m | [1;33mThread-9[0;39m | [1;32morg.springframework.beans.factory.support.DisposableBeanAdapter[0;39m | Destroy method 'close' on bean with name 'jCacheCacheManager' threw an exception: java.lang.NullPointerException
2020-04-13 17:46:44 | [34mINFO [0;39m | [1;33mThread-9[0;39m | [1;32morg.springframework.amqp.rabbit.listener.SimpleMessageListenerContainer[0;39m | Shutdown ignored - container is not active already
2020-04-13 17:46:44 | [34mINFO [0;39m | [1;33mThread-9[0;39m | [1;32mcom.netflix.discovery.DiscoveryClient[0;39m | Initializing Eureka in region us-east-1
2020-04-13 17:46:45 | [34mINFO [0;39m | [1;33mThread-9[0;39m | [1;32mcom.netflix.discovery.provider.DiscoveryJerseyProvider[0;39m | Using JSON encoding codec LegacyJacksonJson
2020-04-13 17:46:45 | [34mINFO [0;39m | [1;33mThread-9[0;39m | [1;32mcom.netflix.discovery.provider.DiscoveryJerseyProvider[0;39m | Using JSON decoding codec LegacyJacksonJson
2020-04-13 17:46:45 | [34mINFO [0;39m | [1;33mThread-9[0;39m | [1;32mcom.netflix.discovery.provider.DiscoveryJerseyProvider[0;39m | Using XML encoding codec XStreamXml
2020-04-13 17:46:45 | [34mINFO [0;39m | [1;33mThread-9[0;39m | [1;32mcom.netflix.discovery.provider.DiscoveryJerseyProvider[0;39m | Using XML decoding codec XStreamXml
2020-04-13 17:46:45 | [34mINFO [0;39m | [1;33mThread-9[0;39m | [1;32mcom.netflix.discovery.shared.resolver.aws.ConfigClusterResolver[0;39m | Resolving eureka endpoints via configuration
2020-04-13 17:46:45 | [34mINFO [0;39m | [1;33mThread-9[0;39m | [1;32mcom.netflix.discovery.DiscoveryClient[0;39m | Disable delta property : false
2020-04-13 17:46:45 | [34mINFO [0;39m | [1;33mThread-9[0;39m | [1;32mcom.netflix.discovery.DiscoveryClient[0;39m | Single vip registry refresh property : null
2020-04-13 17:46:45 | [34mINFO [0;39m | [1;33mThread-9[0;39m | [1;32mcom.netflix.discovery.DiscoveryClient[0;39m | Force full registry fetch : false
2020-04-13 17:46:45 | [34mINFO [0;39m | [1;33mThread-9[0;39m | [1;32mcom.netflix.discovery.DiscoveryClient[0;39m | Application is null : false
2020-04-13 17:46:45 | [34mINFO [0;39m | [1;33mThread-9[0;39m | [1;32mcom.netflix.discovery.DiscoveryClient[0;39m | Registered Applications size is zero : true
2020-04-13 17:46:45 | [34mINFO [0;39m | [1;33mThread-9[0;39m | [1;32mcom.netflix.discovery.DiscoveryClient[0;39m | Application version is -1: true
2020-04-13 17:46:45 | [34mINFO [0;39m | [1;33mThread-9[0;39m | [1;32mcom.netflix.discovery.DiscoveryClient[0;39m | Getting all instance registry info from the eureka server
2020-04-13 17:46:45 | [34mINFO [0;39m | [1;33mThread-9[0;39m | [1;32mcom.netflix.discovery.DiscoveryClient[0;39m | The response status is 200
2020-04-13 17:46:45 | [34mINFO [0;39m | [1;33mThread-9[0;39m | [1;32mcom.netflix.discovery.DiscoveryClient[0;39m | Starting heartbeat executor: renew interval is: 5
2020-04-13 17:46:45 | [34mINFO [0;39m | [1;33mThread-9[0;39m | [1;32mcom.netflix.discovery.InstanceInfoReplicator[0;39m | InstanceInfoReplicator onDemand update allowed rate per min is 4
2020-04-13 17:46:45 | [34mINFO [0;39m | [1;33mThread-9[0;39m | [1;32mcom.netflix.discovery.DiscoveryClient[0;39m | Discovery Client initialized at timestamp 1586771205885 with initial instances count: 1
2020-04-13 17:46:45 | [34mINFO [0;39m | [1;33mThread-9[0;39m | [1;32mcom.netflix.discovery.DiscoveryClient[0;39m | Shutting down DiscoveryClient ...
2020-04-13 17:46:48 | [34mINFO [0;39m | [1;33mThread-9[0;39m | [1;32mcom.netflix.discovery.DiscoveryClient[0;39m | Unregistering ...
2020-04-13 17:46:48 | [34mINFO [0;39m | [1;33mThread-9[0;39m | [1;32mcom.netflix.discovery.DiscoveryClient[0;39m | DiscoveryClient_TENSQUARE-FRIEND/WIN-RMNCVCE7I3E:tensquare-friend:-1 - deregister  status: 404
2020-04-13 17:46:48 | [34mINFO [0;39m | [1;33mThread-9[0;39m | [1;32mcom.netflix.discovery.DiscoveryClient[0;39m | Completed shut down of DiscoveryClient
2020-04-13 17:46:48 | [34mINFO [0;39m | [1;33mThread-9[0;39m | [1;32morg.springframework.amqp.rabbit.listener.SimpleMessageListenerContainer[0;39m | Shutdown ignored - container is not active already
2020-04-13 17:46:48 | [34mINFO [0;39m | [1;33mThread-9[0;39m | [1;32morg.springframework.amqp.rabbit.listener.SimpleMessageListenerContainer[0;39m | Shutdown ignored - container is not active already
2020-04-13 17:46:48 | [34mINFO [0;39m | [1;33mThread-9[0;39m | [1;32morg.springframework.context.annotation.AnnotationConfigApplicationContext[0;39m | Closing FeignContext-tensquare-base: startup date [Mon Apr 13 17:46:37 CST 2020]; parent: org.springframework.web.context.support.GenericWebApplicationContext@760cf594
2020-04-13 17:46:48 | [31mWARN [0;39m | [1;33mThread-9[0;39m | [1;32morg.springframework.context.annotation.AnnotationConfigApplicationContext[0;39m | Exception thrown from ApplicationListener handling ContextClosedEvent
org.springframework.beans.factory.BeanCreationNotAllowedException: Error creating bean with name 'eurekaAutoServiceRegistration': Singleton bean creation not allowed while singletons of this factory are in destruction (Do not request a bean from a BeanFactory in a destroy method implementation!)
	at org.springframework.beans.factory.support.DefaultSingletonBeanRegistry.getSingleton(DefaultSingletonBeanRegistry.java:208)
	at org.springframework.beans.factory.support.AbstractBeanFactory.doGetBean(AbstractBeanFactory.java:315)
	at org.springframework.beans.factory.support.AbstractBeanFactory.getBean(AbstractBeanFactory.java:199)
	at org.springframework.context.support.AbstractApplicationContext.getBean(AbstractApplicationContext.java:1089)
	at org.springframework.context.event.ApplicationListenerMethodAdapter.getTargetBean(ApplicationListenerMethodAdapter.java:288)
	at org.springframework.context.event.ApplicationListenerMethodAdapter.doInvoke(ApplicationListenerMethodAdapter.java:258)
	at org.springframework.context.event.ApplicationListenerMethodAdapter.processEvent(ApplicationListenerMethodAdapter.java:180)
	at org.springframework.context.event.ApplicationListenerMethodAdapter.onApplicationEvent(ApplicationListenerMethodAdapter.java:142)
	at org.springframework.context.event.SimpleApplicationEventMulticaster.doInvokeListener(SimpleApplicationEventMulticaster.java:172)
	at org.springframework.context.event.SimpleApplicationEventMulticaster.invokeListener(SimpleApplicationEventMulticaster.java:165)
	at org.springframework.context.event.SimpleApplicationEventMulticaster.multicastEvent(SimpleApplicationEventMulticaster.java:139)
	at org.springframework.context.support.AbstractApplicationContext.publishEvent(AbstractApplicationContext.java:400)
	at org.springframework.context.support.AbstractApplicationContext.publishEvent(AbstractApplicationContext.java:406)
	at org.springframework.context.support.AbstractApplicationContext.publishEvent(AbstractApplicationContext.java:354)
	at org.springframework.context.support.AbstractApplicationContext.doClose(AbstractApplicationContext.java:1000)
	at org.springframework.context.support.AbstractApplicationContext.close(AbstractApplicationContext.java:967)
	at org.springframework.cloud.context.named.NamedContextFactory.destroy(NamedContextFactory.java:76)
	at org.springframework.beans.factory.support.DisposableBeanAdapter.destroy(DisposableBeanAdapter.java:256)
	at org.springframework.beans.factory.support.DefaultSingletonBeanRegistry.destroyBean(DefaultSingletonBeanRegistry.java:571)
	at org.springframework.beans.factory.support.DefaultSingletonBeanRegistry.destroySingleton(DefaultSingletonBeanRegistry.java:543)
	at org.springframework.beans.factory.support.DefaultListableBeanFactory.destroySingleton(DefaultListableBeanFactory.java:954)
	at org.springframework.beans.factory.support.DefaultSingletonBeanRegistry.destroySingletons(DefaultSingletonBeanRegistry.java:504)
	at org.springframework.beans.factory.support.DefaultListableBeanFactory.destroySingletons(DefaultListableBeanFactory.java:961)
	at org.springframework.context.support.AbstractApplicationContext.destroyBeans(AbstractApplicationContext.java:1041)
	at org.springframework.context.support.AbstractApplicationContext.doClose(AbstractApplicationContext.java:1017)
	at org.springframework.context.support.AbstractApplicationContext$1.run(AbstractApplicationContext.java:937)
