2020-08-05 09:54:54 | [34mINFO [0;39m | [1;33mrestartedMain[0;39m | [1;32morg.springframework.context.annotation.AnnotationConfigApplicationContext[0;39m | Refreshing org.springframework.context.annotation.AnnotationConfigApplicationContext@ba3a2c0: startup date [Wed Aug 05 09:54:54 CST 2020]; root of context hierarchy
2020-08-05 09:54:54 | [34mINFO [0;39m | [1;33mrestartedMain[0;39m | [1;32morg.springframework.beans.factory.annotation.AutowiredAnnotationBeanPostProcessor[0;39m | JSR-330 'javax.inject.Inject' annotation found and supported for autowiring
2020-08-05 09:54:54 | [34mINFO [0;39m | [1;33mrestartedMain[0;39m | [1;32morg.springframework.context.support.PostProcessorRegistrationDelegate$BeanPostProcessorChecker[0;39m | Bean 'configurationPropertiesRebinderAutoConfiguration' of type [org.springframework.cloud.autoconfigure.ConfigurationPropertiesRebinderAutoConfiguration$$EnhancerBySpringCGLIB$$76e1fdcc] is not eligible for getting processed by all BeanPostProcessors (for example: not eligible for auto-proxying)
2020-08-05 09:54:54 | [34mINFO [0;39m | [1;33mrestartedMain[0;39m | [1;32mcom.pazl.authorization.FlsApplication[0;39m | No active profile set, falling back to default profiles: default
2020-08-05 09:54:54 | [34mINFO [0;39m | [1;33mrestartedMain[0;39m | [1;32morg.springframework.boot.web.servlet.context.AnnotationConfigServletWebServerApplicationContext[0;39m | Refreshing org.springframework.boot.web.servlet.context.AnnotationConfigServletWebServerApplicationContext@5bd931d8: startup date [Wed Aug 05 09:54:54 CST 2020]; parent: org.springframework.context.annotation.AnnotationConfigApplicationContext@ba3a2c0
2020-08-05 09:54:57 | [34mINFO [0;39m | [1;33mrestartedMain[0;39m | [1;32morg.springframework.data.repository.config.RepositoryConfigurationDelegate[0;39m | Multiple Spring Data modules found, entering strict repository configuration mode!
2020-08-05 09:54:57 | [34mINFO [0;39m | [1;33mrestartedMain[0;39m | [1;32morg.springframework.cloud.context.scope.GenericScope[0;39m | BeanFactory id=2eec0ffc-cfe9-3fdc-9889-334a2e9878b8
2020-08-05 09:54:57 | [34mINFO [0;39m | [1;33mrestartedMain[0;39m | [1;32morg.springframework.beans.factory.annotation.AutowiredAnnotationBeanPostProcessor[0;39m | JSR-330 'javax.inject.Inject' annotation found and supported for autowiring
2020-08-05 09:54:57 | [34mINFO [0;39m | [1;33mrestartedMain[0;39m | [1;32morg.springframework.context.support.PostProcessorRegistrationDelegate$BeanPostProcessorChecker[0;39m | Bean 'org.springframework.amqp.rabbit.annotation.RabbitBootstrapConfiguration' of type [org.springframework.amqp.rabbit.annotation.RabbitBootstrapConfiguration$$EnhancerBySpringCGLIB$$2133b8fd] is not eligible for getting processed by all BeanPostProcessors (for example: not eligible for auto-proxying)
2020-08-05 09:54:57 | [34mINFO [0;39m | [1;33mrestartedMain[0;39m | [1;32morg.springframework.context.support.PostProcessorRegistrationDelegate$BeanPostProcessorChecker[0;39m | Bean 'org.springframework.retry.annotation.RetryConfiguration' of type [org.springframework.retry.annotation.RetryConfiguration$$EnhancerBySpringCGLIB$$508b92f4] is not eligible for getting processed by all BeanPostProcessors (for example: not eligible for auto-proxying)
2020-08-05 09:54:57 | [34mINFO [0;39m | [1;33mrestartedMain[0;39m | [1;32morg.springframework.context.support.PostProcessorRegistrationDelegate$BeanPostProcessorChecker[0;39m | Bean 'dataSourceConfiguration' of type [com.pazl.authorization.config.DataSourceConfiguration$$EnhancerBySpringCGLIB$$71da8b0c] is not eligible for getting processed by all BeanPostProcessors (for example: not eligible for auto-proxying)
2020-08-05 09:54:58 | [34mINFO [0;39m | [1;33mrestartedMain[0;39m | [1;32morg.springframework.context.support.PostProcessorRegistrationDelegate$BeanPostProcessorChecker[0;39m | Bean 'druiddataSource' of type [com.alibaba.druid.pool.DruidDataSource] is not eligible for getting processed by all BeanPostProcessors (for example: not eligible for auto-proxying)
2020-08-05 09:54:58 | [34mINFO [0;39m | [1;33mrestartedMain[0;39m | [1;32morg.springframework.context.support.PostProcessorRegistrationDelegate$BeanPostProcessorChecker[0;39m | Bean 'org.springframework.boot.context.properties.ConversionServiceDeducer$Factory' of type [org.springframework.boot.context.properties.ConversionServiceDeducer$Factory] is not eligible for getting processed by all BeanPostProcessors (for example: not eligible for auto-proxying)
2020-08-05 09:54:58 | [34mINFO [0;39m | [1;33mrestartedMain[0;39m | [1;32morg.springframework.context.support.PostProcessorRegistrationDelegate$BeanPostProcessorChecker[0;39m | Bean 'spring.datasource-org.springframework.boot.autoconfigure.jdbc.DataSourceProperties' of type [org.springframework.boot.autoconfigure.jdbc.DataSourceProperties] is not eligible for getting processed by all BeanPostProcessors (for example: not eligible for auto-proxying)
2020-08-05 09:54:58 | [34mINFO [0;39m | [1;33mrestartedMain[0;39m | [1;32morg.springframework.context.support.PostProcessorRegistrationDelegate$BeanPostProcessorChecker[0;39m | Bean 'org.springframework.boot.autoconfigure.jdbc.DataSourceInitializerInvoker' of type [org.springframework.boot.autoconfigure.jdbc.DataSourceInitializerInvoker] is not eligible for getting processed by all BeanPostProcessors (for example: not eligible for auto-proxying)
2020-08-05 09:54:58 | [34mINFO [0;39m | [1;33mrestartedMain[0;39m | [1;32morg.springframework.context.support.PostProcessorRegistrationDelegate$BeanPostProcessorChecker[0;39m | Bean 'myBatisConfig' of type [com.pazl.authorization.config.MyBatisConfig$$EnhancerBySpringCGLIB$$4cbb6290] is not eligible for getting processed by all BeanPostProcessors (for example: not eligible for auto-proxying)
2020-08-05 09:54:58 | [34mINFO [0;39m | [1;33mrestartedMain[0;39m | [1;32morg.springframework.context.support.PostProcessorRegistrationDelegate$BeanPostProcessorChecker[0;39m | Bean 'annotationDrivenTransactionManager' of type [org.springframework.jdbc.datasource.DataSourceTransactionManager] is not eligible for getting processed by all BeanPostProcessors (for example: not eligible for auto-proxying)
2020-08-05 09:54:58 | [34mINFO [0;39m | [1;33mrestartedMain[0;39m | [1;32morg.springframework.context.support.PostProcessorRegistrationDelegate$BeanPostProcessorChecker[0;39m | Bean 'org.springframework.transaction.annotation.ProxyTransactionManagementConfiguration' of type [org.springframework.transaction.annotation.ProxyTransactionManagementConfiguration$$EnhancerBySpringCGLIB$$5ac7facf] is not eligible for getting processed by all BeanPostProcessors (for example: not eligible for auto-proxying)
2020-08-05 09:54:58 | [34mINFO [0;39m | [1;33mrestartedMain[0;39m | [1;32morg.springframework.context.support.PostProcessorRegistrationDelegate$BeanPostProcessorChecker[0;39m | Bean 'org.springframework.cloud.autoconfigure.ConfigurationPropertiesRebinderAutoConfiguration' of type [org.springframework.cloud.autoconfigure.ConfigurationPropertiesRebinderAutoConfiguration$$EnhancerBySpringCGLIB$$76e1fdcc] is not eligible for getting processed by all BeanPostProcessors (for example: not eligible for auto-proxying)
2020-08-05 09:54:58 | [34mINFO [0;39m | [1;33mrestartedMain[0;39m | [1;32morg.springframework.boot.web.embedded.tomcat.TomcatWebServer[0;39m | Tomcat initialized with port(s): 9011 (http)
2020-08-05 09:54:58 | [34mINFO [0;39m | [1;33mrestartedMain[0;39m | [1;32morg.apache.coyote.http11.Http11NioProtocol[0;39m | Initializing ProtocolHandler ["http-nio-9011"]
2020-08-05 09:54:58 | [34mINFO [0;39m | [1;33mrestartedMain[0;39m | [1;32morg.apache.catalina.core.StandardService[0;39m | Starting service [Tomcat]
2020-08-05 09:54:58 | [34mINFO [0;39m | [1;33mrestartedMain[0;39m | [1;32morg.apache.catalina.core.StandardEngine[0;39m | Starting Servlet Engine: Apache Tomcat/8.5.32
2020-08-05 09:54:58 | [34mINFO [0;39m | [1;33mlocalhost-startStop-1[0;39m | [1;32morg.apache.catalina.core.AprLifecycleListener[0;39m | The APR based Apache Tomcat Native library which allows optimal performance in production environments was not found on the java.library.path: [C:\Program Files\Java\jdk1.8.0_131\bin;C:\Windows\Sun\Java\bin;C:\Windows\system32;C:\Windows;F:\软件\tp\;C:\Windows\system32;C:\Windows;C:\Windows\System32\Wbem;C:\Windows\System32\WindowsPowerShell\v1.0\;E:\mysql-5.7.24-winx64\bin;C:\Program Files\erl9.2;C:\Android;C:\Windows\System32;C:\Program Files\Java\jdk1.8.0_131\bin;C:\Program Files\Java\jre1.8.0_131\bin;C:\Users\Administrator\AppData\Local\Microsoft\WindowsApps;;E:\paty\Fiddler;.]
2020-08-05 09:54:59 | [34mINFO [0;39m | [1;33mlocalhost-startStop-1[0;39m | [1;32morg.apache.catalina.core.ContainerBase.[Tomcat].[localhost].[/][0;39m | Initializing Spring embedded WebApplicationContext
2020-08-05 09:54:59 | [34mINFO [0;39m | [1;33mlocalhost-startStop-1[0;39m | [1;32morg.springframework.web.context.ContextLoader[0;39m | Root WebApplicationContext: initialization completed in 4224 ms
2020-08-05 09:54:59 | [31mWARN [0;39m | [1;33mlocalhost-startStop-1[0;39m | [1;32mcom.netflix.config.sources.URLConfigurationSource[0;39m | No URLs will be polled as dynamic configuration sources.
2020-08-05 09:54:59 | [34mINFO [0;39m | [1;33mlocalhost-startStop-1[0;39m | [1;32mcom.netflix.config.sources.URLConfigurationSource[0;39m | To enable URLs as dynamic configuration sources, define System property archaius.configurationSource.additionalUrls or make config.properties available on classpath.
2020-08-05 09:54:59 | [34mINFO [0;39m | [1;33mlocalhost-startStop-1[0;39m | [1;32mcom.netflix.config.DynamicPropertyFactory[0;39m | DynamicPropertyFactory is initialized with configuration sources: com.netflix.config.ConcurrentCompositeConfiguration@3e357807
2020-08-05 09:55:01 | [34mINFO [0;39m | [1;33mlocalhost-startStop-1[0;39m | [1;32morg.springframework.boot.web.servlet.FilterRegistrationBean[0;39m | Mapping filter: 'characterEncodingFilter' to: [/*]
2020-08-05 09:55:01 | [34mINFO [0;39m | [1;33mlocalhost-startStop-1[0;39m | [1;32morg.springframework.boot.web.servlet.FilterRegistrationBean[0;39m | Mapping filter: 'webMvcMetricsFilter' to: [/*]
2020-08-05 09:55:01 | [34mINFO [0;39m | [1;33mlocalhost-startStop-1[0;39m | [1;32morg.springframework.boot.web.servlet.FilterRegistrationBean[0;39m | Mapping filter: 'hiddenHttpMethodFilter' to: [/*]
2020-08-05 09:55:01 | [34mINFO [0;39m | [1;33mlocalhost-startStop-1[0;39m | [1;32morg.springframework.boot.web.servlet.FilterRegistrationBean[0;39m | Mapping filter: 'httpPutFormContentFilter' to: [/*]
2020-08-05 09:55:01 | [34mINFO [0;39m | [1;33mlocalhost-startStop-1[0;39m | [1;32morg.springframework.boot.web.servlet.FilterRegistrationBean[0;39m | Mapping filter: 'requestContextFilter' to: [/*]
2020-08-05 09:55:01 | [34mINFO [0;39m | [1;33mlocalhost-startStop-1[0;39m | [1;32morg.springframework.boot.web.servlet.FilterRegistrationBean[0;39m | Mapping filter: 'httpTraceFilter' to: [/*]
2020-08-05 09:55:01 | [34mINFO [0;39m | [1;33mlocalhost-startStop-1[0;39m | [1;32morg.springframework.boot.web.servlet.FilterRegistrationBean[0;39m | Mapping filter: 'corsFilter' to: [/*]
2020-08-05 09:55:01 | [34mINFO [0;39m | [1;33mlocalhost-startStop-1[0;39m | [1;32morg.springframework.boot.web.servlet.ServletRegistrationBean[0;39m | Servlet dispatcherServlet mapped to [/]
2020-08-05 09:55:02 | [34mINFO [0;39m | [1;33mrestartedMain[0;39m | [1;32morg.springframework.web.servlet.mvc.method.annotation.RequestMappingHandlerMapping[0;39m | Mapped "{[/select/book],methods=[POST]}" onto public com.pazl.authorization.entity.Book com.pazl.authorization.controllers.StatusMoveController.selectbook()
2020-08-05 09:55:02 | [34mINFO [0;39m | [1;33mrestartedMain[0;39m | [1;32morg.springframework.web.servlet.mvc.method.annotation.RequestMappingHandlerMapping[0;39m | Mapped "{[/swagger-resources/configuration/security]}" onto public org.springframework.http.ResponseEntity<springfox.documentation.swagger.web.SecurityConfiguration> springfox.documentation.swagger.web.ApiResourceController.securityConfiguration()
2020-08-05 09:55:02 | [34mINFO [0;39m | [1;33mrestartedMain[0;39m | [1;32morg.springframework.web.servlet.mvc.method.annotation.RequestMappingHandlerMapping[0;39m | Mapped "{[/swagger-resources/configuration/ui]}" onto public org.springframework.http.ResponseEntity<springfox.documentation.swagger.web.UiConfiguration> springfox.documentation.swagger.web.ApiResourceController.uiConfiguration()
2020-08-05 09:55:02 | [34mINFO [0;39m | [1;33mrestartedMain[0;39m | [1;32morg.springframework.web.servlet.mvc.method.annotation.RequestMappingHandlerMapping[0;39m | Mapped "{[/swagger-resources]}" onto public org.springframework.http.ResponseEntity<java.util.List<springfox.documentation.swagger.web.SwaggerResource>> springfox.documentation.swagger.web.ApiResourceController.swaggerResources()
2020-08-05 09:55:02 | [34mINFO [0;39m | [1;33mrestartedMain[0;39m | [1;32morg.springframework.web.servlet.mvc.method.annotation.RequestMappingHandlerMapping[0;39m | Mapped "{[/error]}" onto public org.springframework.http.ResponseEntity<java.util.Map<java.lang.String, java.lang.Object>> org.springframework.boot.autoconfigure.web.servlet.error.BasicErrorController.error(javax.servlet.http.HttpServletRequest)
2020-08-05 09:55:02 | [34mINFO [0;39m | [1;33mrestartedMain[0;39m | [1;32morg.springframework.web.servlet.mvc.method.annotation.RequestMappingHandlerMapping[0;39m | Mapped "{[/error],produces=[text/html]}" onto public org.springframework.web.servlet.ModelAndView org.springframework.boot.autoconfigure.web.servlet.error.BasicErrorController.errorHtml(javax.servlet.http.HttpServletRequest,javax.servlet.http.HttpServletResponse)
2020-08-05 09:55:02 | [34mINFO [0;39m | [1;33mrestartedMain[0;39m | [1;32morg.springframework.boot.actuate.endpoint.web.EndpointLinksResolver[0;39m | Exposing 2 endpoint(s) beneath base path '/actuator'
2020-08-05 09:55:02 | [34mINFO [0;39m | [1;33mrestartedMain[0;39m | [1;32morg.springframework.boot.actuate.endpoint.web.servlet.WebMvcEndpointHandlerMapping[0;39m | Mapped "{[/actuator/health],methods=[GET],produces=[application/vnd.spring-boot.actuator.v2+json || application/json]}" onto public java.lang.Object org.springframework.boot.actuate.endpoint.web.servlet.AbstractWebMvcEndpointHandlerMapping$OperationHandler.handle(javax.servlet.http.HttpServletRequest,java.util.Map<java.lang.String, java.lang.String>)
2020-08-05 09:55:02 | [34mINFO [0;39m | [1;33mrestartedMain[0;39m | [1;32morg.springframework.boot.actuate.endpoint.web.servlet.WebMvcEndpointHandlerMapping[0;39m | Mapped "{[/actuator/info],methods=[GET],produces=[application/vnd.spring-boot.actuator.v2+json || application/json]}" onto public java.lang.Object org.springframework.boot.actuate.endpoint.web.servlet.AbstractWebMvcEndpointHandlerMapping$OperationHandler.handle(javax.servlet.http.HttpServletRequest,java.util.Map<java.lang.String, java.lang.String>)
2020-08-05 09:55:02 | [34mINFO [0;39m | [1;33mrestartedMain[0;39m | [1;32morg.springframework.boot.actuate.endpoint.web.servlet.WebMvcEndpointHandlerMapping[0;39m | Mapped "{[/actuator],methods=[GET],produces=[application/vnd.spring-boot.actuator.v2+json || application/json]}" onto protected java.util.Map<java.lang.String, java.util.Map<java.lang.String, org.springframework.boot.actuate.endpoint.web.Link>> org.springframework.boot.actuate.endpoint.web.servlet.WebMvcEndpointHandlerMapping.links(javax.servlet.http.HttpServletRequest,javax.servlet.http.HttpServletResponse)
2020-08-05 09:55:02 | [34mINFO [0;39m | [1;33mrestartedMain[0;39m | [1;32mspringfox.documentation.spring.web.PropertySourcedRequestMappingHandlerMapping[0;39m | Mapped URL path [/v2/api-docs] onto method [public org.springframework.http.ResponseEntity<springfox.documentation.spring.web.json.Json> springfox.documentation.swagger2.web.Swagger2Controller.getDocumentation(java.lang.String,javax.servlet.http.HttpServletRequest)]
2020-08-05 09:55:02 | [31mWARN [0;39m | [1;33mrestartedMain[0;39m | [1;32mcom.netflix.config.sources.URLConfigurationSource[0;39m | No URLs will be polled as dynamic configuration sources.
2020-08-05 09:55:02 | [34mINFO [0;39m | [1;33mrestartedMain[0;39m | [1;32mcom.netflix.config.sources.URLConfigurationSource[0;39m | To enable URLs as dynamic configuration sources, define System property archaius.configurationSource.additionalUrls or make config.properties available on classpath.
2020-08-05 09:55:02 | [34mINFO [0;39m | [1;33mrestartedMain[0;39m | [1;32morg.springframework.web.servlet.handler.SimpleUrlHandlerMapping[0;39m | Mapped URL path [/**/favicon.ico] onto handler of type [class org.springframework.web.servlet.resource.ResourceHttpRequestHandler]
2020-08-05 09:55:02 | [34mINFO [0;39m | [1;33mrestartedMain[0;39m | [1;32morg.springframework.web.servlet.mvc.method.annotation.RequestMappingHandlerAdapter[0;39m | Looking for @ControllerAdvice: org.springframework.boot.web.servlet.context.AnnotationConfigServletWebServerApplicationContext@5bd931d8: startup date [Wed Aug 05 09:54:54 CST 2020]; parent: org.springframework.context.annotation.AnnotationConfigApplicationContext@ba3a2c0
2020-08-05 09:55:03 | [34mINFO [0;39m | [1;33mrestartedMain[0;39m | [1;32morg.springframework.web.servlet.handler.BeanNameUrlHandlerMapping[0;39m | Mapped URL path [/status] onto handler '/status'
2020-08-05 09:55:03 | [34mINFO [0;39m | [1;33mrestartedMain[0;39m | [1;32morg.springframework.web.servlet.handler.SimpleUrlHandlerMapping[0;39m | Mapped URL path [/webjars/**] onto handler of type [class org.springframework.web.servlet.resource.ResourceHttpRequestHandler]
2020-08-05 09:55:03 | [34mINFO [0;39m | [1;33mrestartedMain[0;39m | [1;32morg.springframework.web.servlet.handler.SimpleUrlHandlerMapping[0;39m | Mapped URL path [/**] onto handler of type [class org.springframework.web.servlet.resource.ResourceHttpRequestHandler]
2020-08-05 09:55:04 | [34mINFO [0;39m | [1;33mrestartedMain[0;39m | [1;32morg.springframework.boot.devtools.autoconfigure.OptionalLiveReloadServer[0;39m | LiveReload server is running on port 35729
2020-08-05 09:55:04 | [34mINFO [0;39m | [1;33mrestartedMain[0;39m | [1;32morg.springframework.jmx.export.annotation.AnnotationMBeanExporter[0;39m | Registering beans for JMX exposure on startup
2020-08-05 09:55:04 | [34mINFO [0;39m | [1;33mrestartedMain[0;39m | [1;32morg.springframework.jmx.export.annotation.AnnotationMBeanExporter[0;39m | Bean with name 'druiddataSource' has been autodetected for JMX exposure
2020-08-05 09:55:04 | [34mINFO [0;39m | [1;33mrestartedMain[0;39m | [1;32morg.springframework.jmx.export.annotation.AnnotationMBeanExporter[0;39m | Bean with name 'rabbitConnectionFactory' has been autodetected for JMX exposure
2020-08-05 09:55:04 | [34mINFO [0;39m | [1;33mrestartedMain[0;39m | [1;32morg.springframework.jmx.export.annotation.AnnotationMBeanExporter[0;39m | Bean with name 'environmentManager' has been autodetected for JMX exposure
2020-08-05 09:55:04 | [34mINFO [0;39m | [1;33mrestartedMain[0;39m | [1;32morg.springframework.jmx.export.annotation.AnnotationMBeanExporter[0;39m | Bean with name 'refreshScope' has been autodetected for JMX exposure
2020-08-05 09:55:04 | [34mINFO [0;39m | [1;33mrestartedMain[0;39m | [1;32morg.springframework.jmx.export.annotation.AnnotationMBeanExporter[0;39m | Bean with name 'configurationPropertiesRebinder' has been autodetected for JMX exposure
2020-08-05 09:55:04 | [34mINFO [0;39m | [1;33mrestartedMain[0;39m | [1;32morg.springframework.jmx.export.annotation.AnnotationMBeanExporter[0;39m | Located managed bean 'environmentManager': registering with JMX server as MBean [org.springframework.cloud.context.environment:name=environmentManager,type=EnvironmentManager]
2020-08-05 09:55:04 | [34mINFO [0;39m | [1;33mrestartedMain[0;39m | [1;32morg.springframework.jmx.export.annotation.AnnotationMBeanExporter[0;39m | Located MBean 'druiddataSource': registering with JMX server as MBean [com.alibaba.druid.pool:name=druiddataSource,type=DruidDataSource]
2020-08-05 09:55:04 | [34mINFO [0;39m | [1;33mrestartedMain[0;39m | [1;32morg.springframework.jmx.export.annotation.AnnotationMBeanExporter[0;39m | Located managed bean 'refreshScope': registering with JMX server as MBean [org.springframework.cloud.context.scope.refresh:name=refreshScope,type=RefreshScope]
2020-08-05 09:55:04 | [34mINFO [0;39m | [1;33mrestartedMain[0;39m | [1;32morg.springframework.jmx.export.annotation.AnnotationMBeanExporter[0;39m | Located managed bean 'configurationPropertiesRebinder': registering with JMX server as MBean [org.springframework.cloud.context.properties:name=configurationPropertiesRebinder,context=5bd931d8,type=ConfigurationPropertiesRebinder]
2020-08-05 09:55:04 | [34mINFO [0;39m | [1;33mrestartedMain[0;39m | [1;32morg.springframework.jmx.export.annotation.AnnotationMBeanExporter[0;39m | Located managed bean 'rabbitConnectionFactory': registering with JMX server as MBean [org.springframework.amqp.rabbit.connection:name=rabbitConnectionFactory,type=CachingConnectionFactory]
2020-08-05 09:55:04 | [34mINFO [0;39m | [1;33mrestartedMain[0;39m | [1;32morg.springframework.context.support.DefaultLifecycleProcessor[0;39m | Starting beans in phase 0
2020-08-05 09:55:04 | [34mINFO [0;39m | [1;33mrestartedMain[0;39m | [1;32morg.springframework.cloud.netflix.eureka.InstanceInfoFactory[0;39m | Setting initial instance status as: STARTING
2020-08-05 09:55:04 | [34mINFO [0;39m | [1;33mrestartedMain[0;39m | [1;32mcom.netflix.discovery.DiscoveryClient[0;39m | Initializing Eureka in region us-east-1
2020-08-05 09:55:04 | [34mINFO [0;39m | [1;33mrestartedMain[0;39m | [1;32mcom.netflix.discovery.DiscoveryClient[0;39m | Client configured to neither register nor query for data.
2020-08-05 09:55:04 | [34mINFO [0;39m | [1;33mrestartedMain[0;39m | [1;32mcom.netflix.discovery.DiscoveryClient[0;39m | Discovery Client initialized at timestamp 1596592504499 with initial instances count: 0
2020-08-05 09:55:04 | [34mINFO [0;39m | [1;33mrestartedMain[0;39m | [1;32morg.springframework.cloud.netflix.eureka.serviceregistry.EurekaServiceRegistry[0;39m | Registering application tensquare-fls with eureka with status UP
2020-08-05 09:55:04 | [34mINFO [0;39m | [1;33mrestartedMain[0;39m | [1;32morg.springframework.context.support.DefaultLifecycleProcessor[0;39m | Starting beans in phase 2147483647
2020-08-05 09:55:04 | [34mINFO [0;39m | [1;33mrestartedMain[0;39m | [1;32mspringfox.documentation.spring.web.plugins.DocumentationPluginsBootstrapper[0;39m | Context refreshed
2020-08-05 09:55:04 | [34mINFO [0;39m | [1;33mrestartedMain[0;39m | [1;32mspringfox.documentation.spring.web.plugins.DocumentationPluginsBootstrapper[0;39m | Found 1 custom documentation plugin(s)
2020-08-05 09:55:04 | [34mINFO [0;39m | [1;33mrestartedMain[0;39m | [1;32mspringfox.documentation.spring.web.scanners.ApiListingReferenceScanner[0;39m | Scanning for api listing references
2020-08-05 09:55:05 | [34mINFO [0;39m | [1;33mrestartedMain[0;39m | [1;32mspringfox.documentation.spring.web.readers.operation.CachingOperationNameGenerator[0;39m | Generating unique operation named: handleUsingGET_1
2020-08-05 09:55:05 | [34mINFO [0;39m | [1;33mrestartedMain[0;39m | [1;32morg.apache.coyote.http11.Http11NioProtocol[0;39m | Starting ProtocolHandler ["http-nio-9011"]
2020-08-05 09:55:05 | [34mINFO [0;39m | [1;33mrestartedMain[0;39m | [1;32morg.apache.tomcat.util.net.NioSelectorPool[0;39m | Using a shared selector for servlet write/read
2020-08-05 09:55:05 | [34mINFO [0;39m | [1;33mrestartedMain[0;39m | [1;32morg.springframework.boot.web.embedded.tomcat.TomcatWebServer[0;39m | Tomcat started on port(s): 9011 (http) with context path ''
2020-08-05 09:55:05 | [34mINFO [0;39m | [1;33mrestartedMain[0;39m | [1;32morg.springframework.cloud.netflix.eureka.serviceregistry.EurekaAutoServiceRegistration[0;39m | Updating port to 9011
2020-08-05 09:55:05 | [34mINFO [0;39m | [1;33mrestartedMain[0;39m | [1;32mcom.pazl.authorization.FlsApplication[0;39m | Started FlsApplication in 11.632 seconds (JVM running for 16.004)
2020-08-05 09:55:05 | [34mINFO [0;39m | [1;33mRMI TCP Connection(4)-127.0.0.1[0;39m | [1;32morg.apache.catalina.core.ContainerBase.[Tomcat].[localhost].[/][0;39m | Initializing Spring FrameworkServlet 'dispatcherServlet'
2020-08-05 09:55:05 | [34mINFO [0;39m | [1;33mRMI TCP Connection(4)-127.0.0.1[0;39m | [1;32morg.springframework.web.servlet.DispatcherServlet[0;39m | FrameworkServlet 'dispatcherServlet': initialization started
2020-08-05 09:55:05 | [34mINFO [0;39m | [1;33mRMI TCP Connection(9)-127.0.0.1[0;39m | [1;32morg.springframework.amqp.rabbit.connection.CachingConnectionFactory[0;39m | Attempting to connect to: [localhost:5672]
2020-08-05 09:55:05 | [34mINFO [0;39m | [1;33mRMI TCP Connection(4)-127.0.0.1[0;39m | [1;32morg.springframework.web.servlet.DispatcherServlet[0;39m | FrameworkServlet 'dispatcherServlet': initialization completed in 38 ms
2020-08-05 09:55:05 | [34mINFO [0;39m | [1;33mRMI TCP Connection(9)-127.0.0.1[0;39m | [1;32morg.springframework.amqp.rabbit.connection.CachingConnectionFactory[0;39m | Created new connection: rabbitConnectionFactory#2cc6441d:0/SimpleConnection@752e42a6 [delegate=amqp://guest@127.0.0.1:5672/, localPort= 60550]
2020-08-05 09:55:06 | [34mINFO [0;39m | [1;33mRMI TCP Connection(9)-127.0.0.1[0;39m | [1;32mcom.alibaba.druid.pool.DruidDataSource[0;39m | {dataSource-1} inited
2020-08-05 09:55:06 | [34mINFO [0;39m | [1;33mRMI TCP Connection(9)-127.0.0.1[0;39m | [1;32mio.lettuce.core.EpollProvider[0;39m | Starting without optional epoll library
2020-08-05 09:55:06 | [34mINFO [0;39m | [1;33mRMI TCP Connection(9)-127.0.0.1[0;39m | [1;32mio.lettuce.core.KqueueProvider[0;39m | Starting without optional kqueue library
2020-08-05 09:55:29 | [34mINFO [0;39m | [1;33mmain[0;39m | [1;32morg.springframework.context.annotation.AnnotationConfigApplicationContext[0;39m | Refreshing org.springframework.context.annotation.AnnotationConfigApplicationContext@63798ca7: startup date [Wed Aug 05 09:55:29 CST 2020]; root of context hierarchy
2020-08-05 09:55:29 | [34mINFO [0;39m | [1;33mmain[0;39m | [1;32morg.springframework.beans.factory.annotation.AutowiredAnnotationBeanPostProcessor[0;39m | JSR-330 'javax.inject.Inject' annotation found and supported for autowiring
2020-08-05 09:55:29 | [34mINFO [0;39m | [1;33mmain[0;39m | [1;32morg.springframework.context.support.PostProcessorRegistrationDelegate$BeanPostProcessorChecker[0;39m | Bean 'configurationPropertiesRebinderAutoConfiguration' of type [org.springframework.cloud.autoconfigure.ConfigurationPropertiesRebinderAutoConfiguration$$EnhancerBySpringCGLIB$$f0c25230] is not eligible for getting processed by all BeanPostProcessors (for example: not eligible for auto-proxying)
2020-08-05 09:55:29 | [34mINFO [0;39m | [1;33mmain[0;39m | [1;32mcom.tensquare.controller.BaseApplication[0;39m | No active profile set, falling back to default profiles: default
2020-08-05 09:55:29 | [34mINFO [0;39m | [1;33mmain[0;39m | [1;32morg.springframework.boot.web.servlet.context.AnnotationConfigServletWebServerApplicationContext[0;39m | Refreshing org.springframework.boot.web.servlet.context.AnnotationConfigServletWebServerApplicationContext@415e0bcb: startup date [Wed Aug 05 09:55:29 CST 2020]; parent: org.springframework.context.annotation.AnnotationConfigApplicationContext@63798ca7
2020-08-05 09:55:30 | [34mINFO [0;39m | [1;33mmain[0;39m | [1;32morg.springframework.cloud.context.scope.GenericScope[0;39m | BeanFactory id=aeadc81e-da9c-36bd-8557-1b505ff9f4ee
2020-08-05 09:55:30 | [34mINFO [0;39m | [1;33mmain[0;39m | [1;32morg.springframework.beans.factory.annotation.AutowiredAnnotationBeanPostProcessor[0;39m | JSR-330 'javax.inject.Inject' annotation found and supported for autowiring
2020-08-05 09:55:30 | [34mINFO [0;39m | [1;33mmain[0;39m | [1;32morg.springframework.context.support.PostProcessorRegistrationDelegate$BeanPostProcessorChecker[0;39m | Bean 'asyncConfig' of type [com.tensquare.controller.config.AsyncConfig$$EnhancerBySpringCGLIB$$b96c0cbb] is not eligible for getting processed by all BeanPostProcessors (for example: not eligible for auto-proxying)
2020-08-05 09:55:30 | [34mINFO [0;39m | [1;33mmain[0;39m | [1;32morg.springframework.scheduling.concurrent.ThreadPoolTaskExecutor[0;39m | Initializing ExecutorService  'base-server1'
2020-08-05 09:55:30 | [34mINFO [0;39m | [1;33mmain[0;39m | [1;32morg.springframework.context.support.PostProcessorRegistrationDelegate$BeanPostProcessorChecker[0;39m | Bean 'org.springframework.amqp.rabbit.annotation.RabbitBootstrapConfiguration' of type [org.springframework.amqp.rabbit.annotation.RabbitBootstrapConfiguration$$EnhancerBySpringCGLIB$$9b140d61] is not eligible for getting processed by all BeanPostProcessors (for example: not eligible for auto-proxying)
2020-08-05 09:55:30 | [34mINFO [0;39m | [1;33mmain[0;39m | [1;32morg.springframework.context.support.PostProcessorRegistrationDelegate$BeanPostProcessorChecker[0;39m | Bean 'org.springframework.cloud.autoconfigure.ConfigurationPropertiesRebinderAutoConfiguration' of type [org.springframework.cloud.autoconfigure.ConfigurationPropertiesRebinderAutoConfiguration$$EnhancerBySpringCGLIB$$f0c25230] is not eligible for getting processed by all BeanPostProcessors (for example: not eligible for auto-proxying)
2020-08-05 09:55:31 | [34mINFO [0;39m | [1;33mmain[0;39m | [1;32morg.springframework.boot.web.embedded.tomcat.TomcatWebServer[0;39m | Tomcat initialized with port(s): 9201 (http)
2020-08-05 09:55:31 | [34mINFO [0;39m | [1;33mmain[0;39m | [1;32morg.apache.coyote.http11.Http11NioProtocol[0;39m | Initializing ProtocolHandler ["http-nio-9201"]
2020-08-05 09:55:31 | [34mINFO [0;39m | [1;33mmain[0;39m | [1;32morg.apache.catalina.core.StandardService[0;39m | Starting service [Tomcat]
2020-08-05 09:55:31 | [34mINFO [0;39m | [1;33mmain[0;39m | [1;32morg.apache.catalina.core.StandardEngine[0;39m | Starting Servlet Engine: Apache Tomcat/8.5.32
2020-08-05 09:55:31 | [34mINFO [0;39m | [1;33mlocalhost-startStop-1[0;39m | [1;32morg.apache.catalina.core.AprLifecycleListener[0;39m | The APR based Apache Tomcat Native library which allows optimal performance in production environments was not found on the java.library.path: [C:\Program Files\Java\jdk1.8.0_131\bin;C:\Windows\Sun\Java\bin;C:\Windows\system32;C:\Windows;F:\软件\tp\;C:\Windows\system32;C:\Windows;C:\Windows\System32\Wbem;C:\Windows\System32\WindowsPowerShell\v1.0\;E:\mysql-5.7.24-winx64\bin;C:\Program Files\erl9.2;C:\Android;C:\Windows\System32;C:\Program Files\Java\jdk1.8.0_131\bin;C:\Program Files\Java\jre1.8.0_131\bin;C:\Users\Administrator\AppData\Local\Microsoft\WindowsApps;;E:\paty\Fiddler;.]
2020-08-05 09:55:31 | [34mINFO [0;39m | [1;33mlocalhost-startStop-1[0;39m | [1;32morg.apache.catalina.core.ContainerBase.[Tomcat].[localhost].[/][0;39m | Initializing Spring embedded WebApplicationContext
2020-08-05 09:55:31 | [34mINFO [0;39m | [1;33mlocalhost-startStop-1[0;39m | [1;32morg.springframework.web.context.ContextLoader[0;39m | Root WebApplicationContext: initialization completed in 1661 ms
2020-08-05 09:55:31 | [31mWARN [0;39m | [1;33mlocalhost-startStop-1[0;39m | [1;32mcom.netflix.config.sources.URLConfigurationSource[0;39m | No URLs will be polled as dynamic configuration sources.
2020-08-05 09:55:31 | [34mINFO [0;39m | [1;33mlocalhost-startStop-1[0;39m | [1;32mcom.netflix.config.sources.URLConfigurationSource[0;39m | To enable URLs as dynamic configuration sources, define System property archaius.configurationSource.additionalUrls or make config.properties available on classpath.
2020-08-05 09:55:31 | [34mINFO [0;39m | [1;33mlocalhost-startStop-1[0;39m | [1;32mcom.netflix.config.DynamicPropertyFactory[0;39m | DynamicPropertyFactory is initialized with configuration sources: com.netflix.config.ConcurrentCompositeConfiguration@7a476e20
2020-08-05 09:55:32 | [34mINFO [0;39m | [1;33mlocalhost-startStop-1[0;39m | [1;32morg.springframework.boot.web.servlet.FilterRegistrationBean[0;39m | Mapping filter: 'characterEncodingFilter' to: [/*]
2020-08-05 09:55:32 | [34mINFO [0;39m | [1;33mlocalhost-startStop-1[0;39m | [1;32morg.springframework.boot.web.servlet.FilterRegistrationBean[0;39m | Mapping filter: 'webMvcMetricsFilter' to: [/*]
2020-08-05 09:55:32 | [34mINFO [0;39m | [1;33mlocalhost-startStop-1[0;39m | [1;32morg.springframework.boot.web.servlet.FilterRegistrationBean[0;39m | Mapping filter: 'hiddenHttpMethodFilter' to: [/*]
2020-08-05 09:55:32 | [34mINFO [0;39m | [1;33mlocalhost-startStop-1[0;39m | [1;32morg.springframework.boot.web.servlet.FilterRegistrationBean[0;39m | Mapping filter: 'httpPutFormContentFilter' to: [/*]
2020-08-05 09:55:32 | [34mINFO [0;39m | [1;33mlocalhost-startStop-1[0;39m | [1;32morg.springframework.boot.web.servlet.FilterRegistrationBean[0;39m | Mapping filter: 'requestContextFilter' to: [/*]
2020-08-05 09:55:32 | [34mINFO [0;39m | [1;33mlocalhost-startStop-1[0;39m | [1;32morg.springframework.boot.web.servlet.FilterRegistrationBean[0;39m | Mapping filter: 'httpTraceFilter' to: [/*]
2020-08-05 09:55:32 | [34mINFO [0;39m | [1;33mlocalhost-startStop-1[0;39m | [1;32morg.springframework.boot.web.servlet.ServletRegistrationBean[0;39m | Servlet dispatcherServlet mapped to [/]
2020-08-05 09:55:32 | [31mWARN [0;39m | [1;33mmain[0;39m | [1;32mcom.netflix.config.sources.URLConfigurationSource[0;39m | No URLs will be polled as dynamic configuration sources.
2020-08-05 09:55:32 | [34mINFO [0;39m | [1;33mmain[0;39m | [1;32mcom.netflix.config.sources.URLConfigurationSource[0;39m | To enable URLs as dynamic configuration sources, define System property archaius.configurationSource.additionalUrls or make config.properties available on classpath.
2020-08-05 09:55:32 | [34mINFO [0;39m | [1;33mmain[0;39m | [1;32morg.springframework.web.servlet.handler.SimpleUrlHandlerMapping[0;39m | Mapped URL path [/**/favicon.ico] onto handler of type [class org.springframework.web.servlet.resource.ResourceHttpRequestHandler]
2020-08-05 09:55:33 | [34mINFO [0;39m | [1;33mmain[0;39m | [1;32morg.springframework.web.servlet.mvc.method.annotation.RequestMappingHandlerAdapter[0;39m | Looking for @ControllerAdvice: org.springframework.boot.web.servlet.context.AnnotationConfigServletWebServerApplicationContext@415e0bcb: startup date [Wed Aug 05 09:55:29 CST 2020]; parent: org.springframework.context.annotation.AnnotationConfigApplicationContext@63798ca7
2020-08-05 09:55:33 | [34mINFO [0;39m | [1;33mmain[0;39m | [1;32morg.springframework.web.servlet.mvc.method.annotation.RequestMappingHandlerMapping[0;39m | Mapped "{[/wxmb/sendmsg],methods=[POST]}" onto public java.lang.String com.tensquare.controller.controller.WxMobanController.sendMsg(java.util.HashMap<java.lang.String, java.lang.Object>)
2020-08-05 09:55:33 | [34mINFO [0;39m | [1;33mmain[0;39m | [1;32morg.springframework.web.servlet.mvc.method.annotation.RequestMappingHandlerMapping[0;39m | Mapped "{[/error]}" onto public org.springframework.http.ResponseEntity<java.util.Map<java.lang.String, java.lang.Object>> org.springframework.boot.autoconfigure.web.servlet.error.BasicErrorController.error(javax.servlet.http.HttpServletRequest)
2020-08-05 09:55:33 | [34mINFO [0;39m | [1;33mmain[0;39m | [1;32morg.springframework.web.servlet.mvc.method.annotation.RequestMappingHandlerMapping[0;39m | Mapped "{[/error],produces=[text/html]}" onto public org.springframework.web.servlet.ModelAndView org.springframework.boot.autoconfigure.web.servlet.error.BasicErrorController.errorHtml(javax.servlet.http.HttpServletRequest,javax.servlet.http.HttpServletResponse)
2020-08-05 09:55:33 | [34mINFO [0;39m | [1;33mmain[0;39m | [1;32morg.springframework.web.servlet.handler.SimpleUrlHandlerMapping[0;39m | Mapped URL path [/webjars/**] onto handler of type [class org.springframework.web.servlet.resource.ResourceHttpRequestHandler]
2020-08-05 09:55:33 | [34mINFO [0;39m | [1;33mmain[0;39m | [1;32morg.springframework.web.servlet.handler.SimpleUrlHandlerMapping[0;39m | Mapped URL path [/**] onto handler of type [class org.springframework.web.servlet.resource.ResourceHttpRequestHandler]
2020-08-05 09:55:33 | [34mINFO [0;39m | [1;33mmain[0;39m | [1;32morg.springframework.boot.actuate.endpoint.web.EndpointLinksResolver[0;39m | Exposing 2 endpoint(s) beneath base path '/actuator'
2020-08-05 09:55:33 | [34mINFO [0;39m | [1;33mmain[0;39m | [1;32morg.springframework.boot.actuate.endpoint.web.servlet.WebMvcEndpointHandlerMapping[0;39m | Mapped "{[/actuator/health],methods=[GET],produces=[application/vnd.spring-boot.actuator.v2+json || application/json]}" onto public java.lang.Object org.springframework.boot.actuate.endpoint.web.servlet.AbstractWebMvcEndpointHandlerMapping$OperationHandler.handle(javax.servlet.http.HttpServletRequest,java.util.Map<java.lang.String, java.lang.String>)
2020-08-05 09:55:33 | [34mINFO [0;39m | [1;33mmain[0;39m | [1;32morg.springframework.boot.actuate.endpoint.web.servlet.WebMvcEndpointHandlerMapping[0;39m | Mapped "{[/actuator/info],methods=[GET],produces=[application/vnd.spring-boot.actuator.v2+json || application/json]}" onto public java.lang.Object org.springframework.boot.actuate.endpoint.web.servlet.AbstractWebMvcEndpointHandlerMapping$OperationHandler.handle(javax.servlet.http.HttpServletRequest,java.util.Map<java.lang.String, java.lang.String>)
2020-08-05 09:55:33 | [34mINFO [0;39m | [1;33mmain[0;39m | [1;32morg.springframework.boot.actuate.endpoint.web.servlet.WebMvcEndpointHandlerMapping[0;39m | Mapped "{[/actuator],methods=[GET],produces=[application/vnd.spring-boot.actuator.v2+json || application/json]}" onto protected java.util.Map<java.lang.String, java.util.Map<java.lang.String, org.springframework.boot.actuate.endpoint.web.Link>> org.springframework.boot.actuate.endpoint.web.servlet.WebMvcEndpointHandlerMapping.links(javax.servlet.http.HttpServletRequest,javax.servlet.http.HttpServletResponse)
2020-08-05 09:55:33 | [34mINFO [0;39m | [1;33mmain[0;39m | [1;32morg.springframework.jmx.export.annotation.AnnotationMBeanExporter[0;39m | Registering beans for JMX exposure on startup
2020-08-05 09:55:33 | [34mINFO [0;39m | [1;33mmain[0;39m | [1;32morg.springframework.jmx.export.annotation.AnnotationMBeanExporter[0;39m | Bean with name 'rabbitConnectionFactory' has been autodetected for JMX exposure
2020-08-05 09:55:33 | [34mINFO [0;39m | [1;33mmain[0;39m | [1;32morg.springframework.jmx.export.annotation.AnnotationMBeanExporter[0;39m | Bean with name 'environmentManager' has been autodetected for JMX exposure
2020-08-05 09:55:33 | [34mINFO [0;39m | [1;33mmain[0;39m | [1;32morg.springframework.jmx.export.annotation.AnnotationMBeanExporter[0;39m | Bean with name 'refreshScope' has been autodetected for JMX exposure
2020-08-05 09:55:33 | [34mINFO [0;39m | [1;33mmain[0;39m | [1;32morg.springframework.jmx.export.annotation.AnnotationMBeanExporter[0;39m | Bean with name 'configurationPropertiesRebinder' has been autodetected for JMX exposure
2020-08-05 09:55:33 | [34mINFO [0;39m | [1;33mmain[0;39m | [1;32morg.springframework.jmx.export.annotation.AnnotationMBeanExporter[0;39m | Located managed bean 'environmentManager': registering with JMX server as MBean [org.springframework.cloud.context.environment:name=environmentManager,type=EnvironmentManager]
2020-08-05 09:55:33 | [34mINFO [0;39m | [1;33mmain[0;39m | [1;32morg.springframework.jmx.export.annotation.AnnotationMBeanExporter[0;39m | Located managed bean 'refreshScope': registering with JMX server as MBean [org.springframework.cloud.context.scope.refresh:name=refreshScope,type=RefreshScope]
2020-08-05 09:55:33 | [34mINFO [0;39m | [1;33mmain[0;39m | [1;32morg.springframework.jmx.export.annotation.AnnotationMBeanExporter[0;39m | Located managed bean 'configurationPropertiesRebinder': registering with JMX server as MBean [org.springframework.cloud.context.properties:name=configurationPropertiesRebinder,context=415e0bcb,type=ConfigurationPropertiesRebinder]
2020-08-05 09:55:33 | [34mINFO [0;39m | [1;33mmain[0;39m | [1;32morg.springframework.jmx.export.annotation.AnnotationMBeanExporter[0;39m | Located managed bean 'rabbitConnectionFactory': registering with JMX server as MBean [org.springframework.amqp.rabbit.connection:name=rabbitConnectionFactory,type=CachingConnectionFactory]
2020-08-05 09:55:33 | [34mINFO [0;39m | [1;33mmain[0;39m | [1;32morg.springframework.context.support.DefaultLifecycleProcessor[0;39m | Starting beans in phase 0
2020-08-05 09:55:33 | [34mINFO [0;39m | [1;33mmain[0;39m | [1;32morg.springframework.cloud.netflix.eureka.InstanceInfoFactory[0;39m | Setting initial instance status as: STARTING
2020-08-05 09:55:34 | [34mINFO [0;39m | [1;33mmain[0;39m | [1;32mcom.netflix.discovery.DiscoveryClient[0;39m | Initializing Eureka in region us-east-1
2020-08-05 09:55:34 | [34mINFO [0;39m | [1;33mmain[0;39m | [1;32mcom.netflix.discovery.provider.DiscoveryJerseyProvider[0;39m | Using JSON encoding codec LegacyJacksonJson
2020-08-05 09:55:34 | [34mINFO [0;39m | [1;33mmain[0;39m | [1;32mcom.netflix.discovery.provider.DiscoveryJerseyProvider[0;39m | Using JSON decoding codec LegacyJacksonJson
2020-08-05 09:55:34 | [34mINFO [0;39m | [1;33mmain[0;39m | [1;32mcom.netflix.discovery.provider.DiscoveryJerseyProvider[0;39m | Using XML encoding codec XStreamXml
2020-08-05 09:55:34 | [34mINFO [0;39m | [1;33mmain[0;39m | [1;32mcom.netflix.discovery.provider.DiscoveryJerseyProvider[0;39m | Using XML decoding codec XStreamXml
2020-08-05 09:55:34 | [34mINFO [0;39m | [1;33mmain[0;39m | [1;32mcom.netflix.discovery.shared.resolver.aws.ConfigClusterResolver[0;39m | Resolving eureka endpoints via configuration
2020-08-05 09:55:34 | [34mINFO [0;39m | [1;33mmain[0;39m | [1;32mcom.netflix.discovery.DiscoveryClient[0;39m | Disable delta property : false
2020-08-05 09:55:34 | [34mINFO [0;39m | [1;33mmain[0;39m | [1;32mcom.netflix.discovery.DiscoveryClient[0;39m | Single vip registry refresh property : null
2020-08-05 09:55:34 | [34mINFO [0;39m | [1;33mmain[0;39m | [1;32mcom.netflix.discovery.DiscoveryClient[0;39m | Force full registry fetch : false
2020-08-05 09:55:34 | [34mINFO [0;39m | [1;33mmain[0;39m | [1;32mcom.netflix.discovery.DiscoveryClient[0;39m | Application is null : false
2020-08-05 09:55:34 | [34mINFO [0;39m | [1;33mmain[0;39m | [1;32mcom.netflix.discovery.DiscoveryClient[0;39m | Registered Applications size is zero : true
2020-08-05 09:55:34 | [34mINFO [0;39m | [1;33mmain[0;39m | [1;32mcom.netflix.discovery.DiscoveryClient[0;39m | Application version is -1: true
2020-08-05 09:55:34 | [34mINFO [0;39m | [1;33mmain[0;39m | [1;32mcom.netflix.discovery.DiscoveryClient[0;39m | Getting all instance registry info from the eureka server
2020-08-05 09:55:34 | [34mINFO [0;39m | [1;33mmain[0;39m | [1;32mcom.netflix.discovery.DiscoveryClient[0;39m | The response status is 200
2020-08-05 09:55:34 | [34mINFO [0;39m | [1;33mmain[0;39m | [1;32mcom.netflix.discovery.DiscoveryClient[0;39m | Starting heartbeat executor: renew interval is: 30
2020-08-05 09:55:34 | [34mINFO [0;39m | [1;33mmain[0;39m | [1;32mcom.netflix.discovery.InstanceInfoReplicator[0;39m | InstanceInfoReplicator onDemand update allowed rate per min is 4
2020-08-05 09:55:34 | [34mINFO [0;39m | [1;33mmain[0;39m | [1;32mcom.netflix.discovery.DiscoveryClient[0;39m | Discovery Client initialized at timestamp 1596592534767 with initial instances count: 1
2020-08-05 09:55:34 | [34mINFO [0;39m | [1;33mmain[0;39m | [1;32morg.springframework.cloud.netflix.eureka.serviceregistry.EurekaServiceRegistry[0;39m | Registering application tensquare-base with eureka with status UP
2020-08-05 09:55:34 | [34mINFO [0;39m | [1;33mmain[0;39m | [1;32mcom.netflix.discovery.DiscoveryClient[0;39m | Saw local status change event StatusChangeEvent [timestamp=1596592534776, current=UP, previous=STARTING]
2020-08-05 09:55:34 | [34mINFO [0;39m | [1;33mDiscoveryClient-InstanceInfoReplicator-0[0;39m | [1;32mcom.netflix.discovery.DiscoveryClient[0;39m | DiscoveryClient_TENSQUARE-BASE/WIN-RMNCVCE7I3E:tensquare-base:9201: registering service...
2020-08-05 09:55:34 | [34mINFO [0;39m | [1;33mmain[0;39m | [1;32morg.springframework.context.support.DefaultLifecycleProcessor[0;39m | Starting beans in phase 2147483647
2020-08-05 09:55:34 | [34mINFO [0;39m | [1;33mmain[0;39m | [1;32morg.apache.coyote.http11.Http11NioProtocol[0;39m | Starting ProtocolHandler ["http-nio-9201"]
2020-08-05 09:55:34 | [34mINFO [0;39m | [1;33mmain[0;39m | [1;32morg.apache.tomcat.util.net.NioSelectorPool[0;39m | Using a shared selector for servlet write/read
2020-08-05 09:55:34 | [34mINFO [0;39m | [1;33mDiscoveryClient-InstanceInfoReplicator-0[0;39m | [1;32mcom.netflix.discovery.DiscoveryClient[0;39m | DiscoveryClient_TENSQUARE-BASE/WIN-RMNCVCE7I3E:tensquare-base:9201 - registration status: 204
2020-08-05 09:55:34 | [34mINFO [0;39m | [1;33mmain[0;39m | [1;32morg.springframework.boot.web.embedded.tomcat.TomcatWebServer[0;39m | Tomcat started on port(s): 9201 (http) with context path ''
2020-08-05 09:55:34 | [34mINFO [0;39m | [1;33mmain[0;39m | [1;32morg.springframework.cloud.netflix.eureka.serviceregistry.EurekaAutoServiceRegistration[0;39m | Updating port to 9201
2020-08-05 09:55:34 | [34mINFO [0;39m | [1;33mmain[0;39m | [1;32mcom.tensquare.controller.BaseApplication[0;39m | Started BaseApplication in 6.609 seconds (JVM running for 7.416)
2020-08-05 09:55:35 | [34mINFO [0;39m | [1;33mRMI TCP Connection(7)-127.0.0.1[0;39m | [1;32morg.springframework.amqp.rabbit.connection.CachingConnectionFactory[0;39m | Attempting to connect to: [localhost:5672]
2020-08-05 09:55:35 | [34mINFO [0;39m | [1;33mRMI TCP Connection(6)-127.0.0.1[0;39m | [1;32morg.apache.catalina.core.ContainerBase.[Tomcat].[localhost].[/][0;39m | Initializing Spring FrameworkServlet 'dispatcherServlet'
2020-08-05 09:55:35 | [34mINFO [0;39m | [1;33mRMI TCP Connection(6)-127.0.0.1[0;39m | [1;32morg.springframework.web.servlet.DispatcherServlet[0;39m | FrameworkServlet 'dispatcherServlet': initialization started
2020-08-05 09:55:35 | [34mINFO [0;39m | [1;33mRMI TCP Connection(6)-127.0.0.1[0;39m | [1;32morg.springframework.web.servlet.DispatcherServlet[0;39m | FrameworkServlet 'dispatcherServlet': initialization completed in 47 ms
2020-08-05 09:55:35 | [34mINFO [0;39m | [1;33mRMI TCP Connection(7)-127.0.0.1[0;39m | [1;32morg.springframework.amqp.rabbit.connection.CachingConnectionFactory[0;39m | Created new connection: rabbitConnectionFactory#46fc99c1:0/SimpleConnection@587ea826 [delegate=amqp://guest@127.0.0.1:5672/, localPort= 60732]
